0 verbose cli C:\Program Files\nodejs\node.exe C:\Program Files\nodejs\node_modules\npm\bin\npm-cli.js
1 info using npm@10.7.0
2 info using node@v20.14.0
3 silly config:load:file:C:\Program Files\nodejs\node_modules\npm\npmrc
4 silly config:load:file:F:\nodejs\htdocs\.npmrc
5 silly config:load:file:C:\Users\ParkYoungsu\.npmrc
6 silly config:load:file:C:\Users\ParkYoungsu\AppData\Roaming\npm\etc\npmrc
7 verbose title npm install nodemon
8 verbose argv "install" "--save-dev" "nodemon"
9 verbose logfile logs-max:10 dir:F:\nodejs\npm-cache\_logs\2024-06-05T11_05_03_521Z-
10 verbose logfile F:\nodejs\npm-cache\_logs\2024-06-05T11_05_03_521Z-debug-0.log
11 silly logfile start cleaning logs, removing 1 files
12 silly logfile done cleaning log files
13 silly idealTree buildDeps
14 silly fetch manifest nodemon@*
15 http fetch GET 200 https://registry.yarnpkg.com/nodemon 239ms (cache revalidated)
16 silly placeDep ROOT nodemon@3.1.3 OK for: htdocs@1.0.0 want: *
17 silly fetch manifest ignore-by-default@^1.0.1
18 silly fetch manifest minimatch@^3.1.2
19 silly fetch manifest pstree.remy@^1.1.8
20 silly fetch manifest semver@^7.5.3
21 silly fetch manifest simple-update-notifier@^2.0.0
22 silly fetch manifest touch@^3.1.0
23 silly fetch manifest undefsafe@^2.0.5
24 http fetch GET 200 https://registry.yarnpkg.com/minimatch 49ms (cache revalidated)
25 http fetch GET 200 https://registry.yarnpkg.com/ignore-by-default 71ms (cache revalidated)
26 http fetch GET 200 https://registry.yarnpkg.com/touch 91ms (cache revalidated)
27 http fetch GET 200 https://registry.yarnpkg.com/semver 152ms (cache revalidated)
28 http fetch GET 200 https://registry.yarnpkg.com/simple-update-notifier 294ms (cache revalidated)
29 http fetch GET 200 https://registry.yarnpkg.com/undefsafe 672ms (cache revalidated)
30 http fetch GET 200 https://registry.yarnpkg.com/pstree.remy 707ms (cache revalidated)
31 silly placeDep ROOT ignore-by-default@1.0.1 OK for: nodemon@3.1.3 want: ^1.0.1
32 silly placeDep node_modules/nodemon minimatch@3.1.2 OK for: nodemon@3.1.3 want: ^3.1.2
33 silly placeDep ROOT pstree.remy@1.1.8 OK for: nodemon@3.1.3 want: ^1.1.8
34 silly placeDep node_modules/nodemon semver@7.6.2 OK for: nodemon@3.1.3 want: ^7.5.3
35 silly placeDep ROOT simple-update-notifier@2.0.0 OK for: nodemon@3.1.3 want: ^2.0.0
36 silly placeDep ROOT touch@3.1.1 OK for: nodemon@3.1.3 want: ^3.1.0
37 silly placeDep ROOT undefsafe@2.0.5 OK for: nodemon@3.1.3 want: ^2.0.5
38 silly fetch manifest brace-expansion@^1.1.7
39 http fetch GET 200 https://registry.yarnpkg.com/brace-expansion 47ms (cache revalidated)
40 silly placeDep node_modules/simple-update-notifier semver@7.6.2 OK for: simple-update-notifier@2.0.0 want: ^7.5.3
41 silly placeDep node_modules/nodemon brace-expansion@1.1.11 OK for: minimatch@3.1.2 want: ^1.1.7
42 silly reify moves {}
43 silly audit bulk request {
43 silly audit   '@ampproject/remapping': [ '2.3.0' ],
43 silly audit   '@babel/code-frame': [ '7.24.6' ],
43 silly audit   '@babel/compat-data': [ '7.24.6' ],
43 silly audit   '@babel/core': [ '7.24.6' ],
43 silly audit   '@babel/generator': [ '7.24.6' ],
43 silly audit   '@babel/helper-annotate-as-pure': [ '7.24.6' ],
43 silly audit   '@babel/helper-builder-binary-assignment-operator-visitor': [ '7.24.6' ],
43 silly audit   '@babel/helper-compilation-targets': [ '7.24.6' ],
43 silly audit   '@babel/helper-create-class-features-plugin': [ '7.24.6' ],
43 silly audit   '@babel/helper-create-regexp-features-plugin': [ '7.24.6' ],
43 silly audit   '@babel/helper-define-polyfill-provider': [ '0.6.2' ],
43 silly audit   '@babel/helper-environment-visitor': [ '7.24.6' ],
43 silly audit   '@babel/helper-function-name': [ '7.24.6' ],
43 silly audit   '@babel/helper-hoist-variables': [ '7.24.6' ],
43 silly audit   '@babel/helper-member-expression-to-functions': [ '7.24.6' ],
43 silly audit   '@babel/helper-module-imports': [ '7.24.6' ],
43 silly audit   '@babel/helper-module-transforms': [ '7.24.6' ],
43 silly audit   '@babel/helper-optimise-call-expression': [ '7.24.6' ],
43 silly audit   '@babel/helper-plugin-utils': [ '7.24.6' ],
43 silly audit   '@babel/helper-remap-async-to-generator': [ '7.24.6' ],
43 silly audit   '@babel/helper-replace-supers': [ '7.24.6' ],
43 silly audit   '@babel/helper-simple-access': [ '7.24.6' ],
43 silly audit   '@babel/helper-skip-transparent-expression-wrappers': [ '7.24.6' ],
43 silly audit   '@babel/helper-split-export-declaration': [ '7.24.6' ],
43 silly audit   '@babel/helper-string-parser': [ '7.24.6' ],
43 silly audit   '@babel/helper-validator-identifier': [ '7.24.6' ],
43 silly audit   '@babel/helper-validator-option': [ '7.24.6' ],
43 silly audit   '@babel/helper-wrap-function': [ '7.24.6' ],
43 silly audit   '@babel/helpers': [ '7.24.6' ],
43 silly audit   '@babel/highlight': [ '7.24.6' ],
43 silly audit   '@babel/parser': [ '7.24.6' ],
43 silly audit   '@babel/plugin-bugfix-firefox-class-in-computed-class-key': [ '7.24.6' ],
43 silly audit   '@babel/plugin-bugfix-safari-id-destructuring-collision-in-function-expression': [ '7.24.6' ],
43 silly audit   '@babel/plugin-bugfix-v8-spread-parameters-in-optional-chaining': [ '7.24.6' ],
43 silly audit   '@babel/plugin-bugfix-v8-static-class-fields-redefine-readonly': [ '7.24.6' ],
43 silly audit   '@babel/plugin-proposal-private-property-in-object': [ '7.21.0-placeholder-for-preset-env.2' ],
43 silly audit   '@babel/plugin-syntax-async-generators': [ '7.8.4' ],
43 silly audit   '@babel/plugin-syntax-class-properties': [ '7.12.13' ],
43 silly audit   '@babel/plugin-syntax-class-static-block': [ '7.14.5' ],
43 silly audit   '@babel/plugin-syntax-dynamic-import': [ '7.8.3' ],
43 silly audit   '@babel/plugin-syntax-export-namespace-from': [ '7.8.3' ],
43 silly audit   '@babel/plugin-syntax-import-assertions': [ '7.24.6' ],
43 silly audit   '@babel/plugin-syntax-import-attributes': [ '7.24.6' ],
43 silly audit   '@babel/plugin-syntax-import-meta': [ '7.10.4' ],
43 silly audit   '@babel/plugin-syntax-json-strings': [ '7.8.3' ],
43 silly audit   '@babel/plugin-syntax-jsx': [ '7.24.6' ],
43 silly audit   '@babel/plugin-syntax-logical-assignment-operators': [ '7.10.4' ],
43 silly audit   '@babel/plugin-syntax-nullish-coalescing-operator': [ '7.8.3' ],
43 silly audit   '@babel/plugin-syntax-numeric-separator': [ '7.10.4' ],
43 silly audit   '@babel/plugin-syntax-object-rest-spread': [ '7.8.3' ],
43 silly audit   '@babel/plugin-syntax-optional-catch-binding': [ '7.8.3' ],
43 silly audit   '@babel/plugin-syntax-optional-chaining': [ '7.8.3' ],
43 silly audit   '@babel/plugin-syntax-private-property-in-object': [ '7.14.5' ],
43 silly audit   '@babel/plugin-syntax-top-level-await': [ '7.14.5' ],
43 silly audit   '@babel/plugin-syntax-unicode-sets-regex': [ '7.18.6' ],
43 silly audit   '@babel/plugin-transform-arrow-functions': [ '7.24.6' ],
43 silly audit   '@babel/plugin-transform-async-generator-functions': [ '7.24.6' ],
43 silly audit   '@babel/plugin-transform-async-to-generator': [ '7.24.6' ],
43 silly audit   '@babel/plugin-transform-block-scoped-functions': [ '7.24.6' ],
43 silly audit   '@babel/plugin-transform-block-scoping': [ '7.24.6' ],
43 silly audit   '@babel/plugin-transform-class-properties': [ '7.24.6' ],
43 silly audit   '@babel/plugin-transform-class-static-block': [ '7.24.6' ],
43 silly audit   '@babel/plugin-transform-classes': [ '7.24.6' ],
43 silly audit   '@babel/plugin-transform-computed-properties': [ '7.24.6' ],
43 silly audit   '@babel/plugin-transform-destructuring': [ '7.24.6' ],
43 silly audit   '@babel/plugin-transform-dotall-regex': [ '7.24.6' ],
43 silly audit   '@babel/plugin-transform-duplicate-keys': [ '7.24.6' ],
43 silly audit   '@babel/plugin-transform-dynamic-import': [ '7.24.6' ],
43 silly audit   '@babel/plugin-transform-exponentiation-operator': [ '7.24.6' ],
43 silly audit   '@babel/plugin-transform-export-namespace-from': [ '7.24.6' ],
43 silly audit   '@babel/plugin-transform-for-of': [ '7.24.6' ],
43 silly audit   '@babel/plugin-transform-function-name': [ '7.24.6' ],
43 silly audit   '@babel/plugin-transform-json-strings': [ '7.24.6' ],
43 silly audit   '@babel/plugin-transform-literals': [ '7.24.6' ],
43 silly audit   '@babel/plugin-transform-logical-assignment-operators': [ '7.24.6' ],
43 silly audit   '@babel/plugin-transform-member-expression-literals': [ '7.24.6' ],
43 silly audit   '@babel/plugin-transform-modules-amd': [ '7.24.6' ],
43 silly audit   '@babel/plugin-transform-modules-commonjs': [ '7.24.6' ],
43 silly audit   '@babel/plugin-transform-modules-systemjs': [ '7.24.6' ],
43 silly audit   '@babel/plugin-transform-modules-umd': [ '7.24.6' ],
43 silly audit   '@babel/plugin-transform-named-capturing-groups-regex': [ '7.24.6' ],
43 silly audit   '@babel/plugin-transform-new-target': [ '7.24.6' ],
43 silly audit   '@babel/plugin-transform-nullish-coalescing-operator': [ '7.24.6' ],
43 silly audit   '@babel/plugin-transform-numeric-separator': [ '7.24.6' ],
43 silly audit   '@babel/plugin-transform-object-rest-spread': [ '7.24.6' ],
43 silly audit   '@babel/plugin-transform-object-super': [ '7.24.6' ],
43 silly audit   '@babel/plugin-transform-optional-catch-binding': [ '7.24.6' ],
43 silly audit   '@babel/plugin-transform-optional-chaining': [ '7.24.6' ],
43 silly audit   '@babel/plugin-transform-parameters': [ '7.24.6' ],
43 silly audit   '@babel/plugin-transform-private-methods': [ '7.24.6' ],
43 silly audit   '@babel/plugin-transform-private-property-in-object': [ '7.24.6' ],
43 silly audit   '@babel/plugin-transform-property-literals': [ '7.24.6' ],
43 silly audit   '@babel/plugin-transform-react-display-name': [ '7.24.6' ],
43 silly audit   '@babel/plugin-transform-react-jsx': [ '7.24.6' ],
43 silly audit   '@babel/plugin-transform-react-jsx-development': [ '7.24.6' ],
43 silly audit   '@babel/plugin-transform-react-pure-annotations': [ '7.24.6' ],
43 silly audit   '@babel/plugin-transform-regenerator': [ '7.24.6' ],
43 silly audit   '@babel/plugin-transform-reserved-words': [ '7.24.6' ],
43 silly audit   '@babel/plugin-transform-shorthand-properties': [ '7.24.6' ],
43 silly audit   '@babel/plugin-transform-spread': [ '7.24.6' ],
43 silly audit   '@babel/plugin-transform-sticky-regex': [ '7.24.6' ],
43 silly audit   '@babel/plugin-transform-template-literals': [ '7.24.6' ],
43 silly audit   '@babel/plugin-transform-typeof-symbol': [ '7.24.6' ],
43 silly audit   '@babel/plugin-transform-unicode-escapes': [ '7.24.6' ],
43 silly audit   '@babel/plugin-transform-unicode-property-regex': [ '7.24.6' ],
43 silly audit   '@babel/plugin-transform-unicode-regex': [ '7.24.6' ],
43 silly audit   '@babel/plugin-transform-unicode-sets-regex': [ '7.24.6' ],
43 silly audit   '@babel/preset-env': [ '7.24.6' ],
43 silly audit   '@babel/preset-modules': [ '0.1.6-no-external-plugins' ],
43 silly audit   '@babel/preset-react': [ '7.24.6' ],
43 silly audit   '@babel/regjsgen': [ '0.8.0' ],
43 silly audit   '@babel/runtime': [ '7.24.6' ],
43 silly audit   '@babel/template': [ '7.24.6' ],
43 silly audit   '@babel/traverse': [ '7.24.6' ],
43 silly audit   '@babel/types': [ '7.24.6' ],
43 silly audit   '@discoveryjs/json-ext': [ '0.5.7' ],
43 silly audit   '@isaacs/cliui': [ '8.0.2' ],
43 silly audit   '@jridgewell/gen-mapping': [ '0.3.5' ],
43 silly audit   '@jridgewell/resolve-uri': [ '3.1.2' ],
43 silly audit   '@jridgewell/set-array': [ '1.2.1' ],
43 silly audit   '@jridgewell/source-map': [ '0.3.6' ],
43 silly audit   '@jridgewell/sourcemap-codec': [ '1.4.15' ],
43 silly audit   '@jridgewell/trace-mapping': [ '0.3.25' ],
43 silly audit   '@jsonjoy.com/base64': [ '1.1.2' ],
43 silly audit   '@jsonjoy.com/json-pack': [ '1.0.4' ],
43 silly audit   '@jsonjoy.com/util': [ '1.1.3' ],
43 silly audit   '@leichtgewicht/ip-codec': [ '2.0.5' ],
43 silly audit   '@pkgjs/parseargs': [ '0.11.0' ],
43 silly audit   '@types/body-parser': [ '1.19.5' ],
43 silly audit   '@types/bonjour': [ '3.5.13' ],
43 silly audit   '@types/connect': [ '3.4.38' ],
43 silly audit   '@types/connect-history-api-fallback': [ '1.5.4' ],
43 silly audit   '@types/eslint': [ '8.56.10' ],
43 silly audit   '@types/eslint-scope': [ '3.7.7' ],
43 silly audit   '@types/estree': [ '1.0.5' ],
43 silly audit   '@types/express': [ '4.17.21' ],
43 silly audit   '@types/express-serve-static-core': [ '4.19.3' ],
43 silly audit   '@types/glob': [ '7.2.0' ],
43 silly audit   '@types/html-minifier-terser': [ '6.1.0' ],
43 silly audit   '@types/http-errors': [ '2.0.4' ],
43 silly audit   '@types/http-proxy': [ '1.17.14' ],
43 silly audit   '@types/json-schema': [ '7.0.15' ],
43 silly audit   '@types/mime': [ '1.3.5' ],
43 silly audit   '@types/minimatch': [ '5.1.2' ],
43 silly audit   '@types/node': [ '20.14.1' ],
43 silly audit   '@types/node-forge': [ '1.3.11' ],
43 silly audit   '@types/qs': [ '6.9.15' ],
43 silly audit   '@types/range-parser': [ '1.2.7' ],
43 silly audit   '@types/retry': [ '0.12.2' ],
43 silly audit   '@types/send': [ '0.17.4' ],
43 silly audit   '@types/serve-index': [ '1.9.4' ],
43 silly audit   '@types/serve-static': [ '1.15.7' ],
43 silly audit   '@types/sockjs': [ '0.3.36' ],
43 silly audit   '@types/ws': [ '8.5.10' ],
43 silly audit   '@webassemblyjs/ast': [ '1.12.1' ],
43 silly audit   '@webassemblyjs/floating-point-hex-parser': [ '1.11.6' ],
43 silly audit   '@webassemblyjs/helper-api-error': [ '1.11.6' ],
43 silly audit   '@webassemblyjs/helper-buffer': [ '1.12.1' ],
43 silly audit   '@webassemblyjs/helper-numbers': [ '1.11.6' ],
43 silly audit   '@webassemblyjs/helper-wasm-bytecode': [ '1.11.6' ],
43 silly audit   '@webassemblyjs/helper-wasm-section': [ '1.12.1' ],
43 silly audit   '@webassemblyjs/ieee754': [ '1.11.6' ],
43 silly audit   '@webassemblyjs/leb128': [ '1.11.6' ],
43 silly audit   '@webassemblyjs/utf8': [ '1.11.6' ],
43 silly audit   '@webassemblyjs/wasm-edit': [ '1.12.1' ],
43 silly audit   '@webassemblyjs/wasm-gen': [ '1.12.1' ],
43 silly audit   '@webassemblyjs/wasm-opt': [ '1.12.1' ],
43 silly audit   '@webassemblyjs/wasm-parser': [ '1.12.1' ],
43 silly audit   '@webassemblyjs/wast-printer': [ '1.12.1' ],
43 silly audit   '@webpack-cli/configtest': [ '2.1.1' ],
43 silly audit   '@webpack-cli/info': [ '2.0.2' ],
43 silly audit   '@webpack-cli/serve': [ '2.0.5' ],
43 silly audit   '@xtuc/ieee754': [ '1.2.0' ],
43 silly audit   '@xtuc/long': [ '4.2.2' ],
43 silly audit   accepts: [ '1.3.8' ],
43 silly audit   acorn: [ '8.11.3' ],
43 silly audit   'acorn-import-assertions': [ '1.9.0' ],
43 silly audit   ajv: [ '8.16.0', '6.12.6' ],
43 silly audit   'ajv-formats': [ '2.1.1' ],
43 silly audit   'ajv-keywords': [ '5.1.0', '3.5.2' ],
43 silly audit   'ansi-html-community': [ '0.0.8' ],
43 silly audit   'ansi-regex': [ '6.0.1', '5.0.1' ],
43 silly audit   'ansi-styles': [ '3.2.1', '4.3.0', '6.2.1' ],
43 silly audit   anymatch: [ '3.1.3' ],
43 silly audit   'array-flatten': [ '1.1.1' ],
43 silly audit   'array-union': [ '1.0.2' ],
43 silly audit   'array-uniq': [ '1.0.3' ],
43 silly audit   assert: [ '2.1.0' ],
43 silly audit   'available-typed-arrays': [ '1.0.7' ],
43 silly audit   'babel-loader': [ '9.1.3' ],
43 silly audit   'babel-plugin-polyfill-corejs2': [ '0.4.11' ],
43 silly audit   'babel-plugin-polyfill-corejs3': [ '0.10.4' ],
43 silly audit   'babel-plugin-polyfill-regenerator': [ '0.6.2' ],
43 silly audit   'balanced-match': [ '1.0.2' ],
43 silly audit   'base64-js': [ '1.5.1' ],
43 silly audit   batch: [ '0.6.1' ],
43 silly audit   'bignumber.js': [ '9.0.0' ],
43 silly audit   'binary-extensions': [ '2.3.0' ],
43 silly audit   'body-parser': [ '1.20.2' ],
43 silly audit   bytes: [ '3.1.2', '3.0.0' ],
43 silly audit   debug: [ '2.6.9', '4.3.5' ],
43 silly audit   ms: [ '2.0.0', '2.1.2', '2.1.3' ],
43 silly audit   'bonjour-service': [ '1.2.1' ],
43 silly audit   boolbase: [ '1.0.0' ],
43 silly audit   'brace-expansion': [ '2.0.1', '1.1.11' ],
43 silly audit   braces: [ '3.0.3' ],
43 silly audit   browserslist: [ '4.23.0' ],
43 silly audit   buffer: [ '6.0.3' ],
43 silly audit   'buffer-from': [ '1.1.2' ],
43 silly audit   'bundle-name': [ '4.1.0' ],
43 silly audit   'call-bind': [ '1.0.7' ],
43 silly audit   'camel-case': [ '4.1.2' ],
43 silly audit   'caniuse-lite': [ '1.0.30001628' ],
43 silly audit   chalk: [ '2.4.2' ],
43 silly audit   chokidar: [ '3.6.0' ],
43 silly audit   'chrome-trace-event': [ '1.0.4' ],
43 silly audit   'clean-css': [ '5.3.3' ],
43 silly audit   'clean-webpack-plugin': [ '4.0.0' ],
43 silly audit   'clone-deep': [ '4.0.1' ],
43 silly audit   'color-convert': [ '1.9.3', '2.0.1' ],
43 silly audit   'color-name': [ '1.1.3', '1.1.4' ],
43 silly audit   colorette: [ '2.0.20' ],
43 silly audit   commander: [ '2.20.3', '8.3.0', '10.0.1' ],
43 silly audit   'common-path-prefix': [ '3.0.0' ],
43 silly audit   compressible: [ '2.0.18' ],
43 silly audit   compression: [ '1.7.4' ],
43 silly audit   'safe-buffer': [ '5.1.2', '5.2.1' ],
43 silly audit   'concat-map': [ '0.0.1' ],
43 silly audit   'connect-history-api-fallback': [ '2.0.0' ],
43 silly audit   'content-disposition': [ '0.5.4' ],
43 silly audit   'content-type': [ '1.0.5' ],
43 silly audit   'convert-source-map': [ '2.0.0' ],
43 silly audit   cookie: [ '0.6.0' ],
43 silly audit   'cookie-signature': [ '1.0.6' ],
43 silly audit   'core-js-compat': [ '3.37.1' ],
43 silly audit   'core-util-is': [ '1.0.3' ],
43 silly audit   'cross-spawn': [ '7.0.3' ],
43 silly audit   'css-select': [ '4.3.0' ],
43 silly audit   'css-what': [ '6.1.0' ],
43 silly audit   'default-browser': [ '5.2.1' ],
43 silly audit   'default-browser-id': [ '5.0.0' ],
43 silly audit   'default-gateway': [ '6.0.3' ],
43 silly audit   'define-data-property': [ '1.1.4' ],
43 silly audit   'define-lazy-prop': [ '3.0.0' ],
43 silly audit   'define-properties': [ '1.2.1' ],
43 silly audit   del: [ '4.1.1' ],
43 silly audit   glob: [ '7.2.3', '10.4.1' ],
43 silly audit   minimatch: [ '3.1.2', '9.0.4' ],
43 silly audit   rimraf: [ '2.7.1', '5.0.7' ],
43 silly audit   depd: [ '2.0.0', '1.1.2' ],
43 silly audit   destroy: [ '1.2.0' ],
43 silly audit   'detect-node': [ '2.1.0' ],
43 silly audit   'dns-packet': [ '5.6.1' ],
43 silly audit   'dom-converter': [ '0.2.0' ],
43 silly audit   'dom-serializer': [ '1.4.1' ],
43 silly audit   domelementtype: [ '2.3.0' ],
43 silly audit   domhandler: [ '4.3.1' ],
43 silly audit   domutils: [ '2.8.0' ],
43 silly audit   'dot-case': [ '3.0.4' ],
43 silly audit   eastasianwidth: [ '0.2.0' ],
43 silly audit   'ee-first': [ '1.1.1' ],
43 silly audit   'electron-to-chromium': [ '1.4.790' ],
43 silly audit   'emoji-regex': [ '9.2.2', '8.0.0' ],
43 silly audit   encodeurl: [ '1.0.2' ],
43 silly audit   'enhanced-resolve': [ '5.17.0' ],
43 silly audit   entities: [ '2.2.0' ],
43 silly audit   envinfo: [ '7.13.0' ],
43 silly audit   'es-define-property': [ '1.0.0' ],
43 silly audit   'es-errors': [ '1.3.0' ],
43 silly audit   'es-module-lexer': [ '1.5.3' ],
43 silly audit   escalade: [ '3.1.2' ],
43 silly audit   'escape-html': [ '1.0.3' ],
43 silly audit   'escape-string-regexp': [ '1.0.5' ],
43 silly audit   'eslint-scope': [ '5.1.1' ],
43 silly audit   esrecurse: [ '4.3.0' ],
43 silly audit   estraverse: [ '5.3.0', '4.3.0' ],
43 silly audit   esutils: [ '2.0.3' ],
43 silly audit   etag: [ '1.8.1' ],
43 silly audit   eventemitter3: [ '4.0.7' ],
43 silly audit   events: [ '3.3.0' ],
43 silly audit   execa: [ '5.1.1' ],
43 silly audit   express: [ '4.19.2' ],
43 silly audit   'fast-deep-equal': [ '3.1.3' ],
43 silly audit   'fast-json-stable-stringify': [ '2.1.0' ],
43 silly audit   'fastest-levenshtein': [ '1.0.16' ],
43 silly audit   'faye-websocket': [ '0.11.4' ],
43 silly audit   'fill-range': [ '7.1.1' ],
43 silly audit   finalhandler: [ '1.2.0' ],
43 silly audit   'find-cache-dir': [ '4.0.0' ],
43 silly audit   'find-up': [ '6.3.0', '4.1.0' ],
43 silly audit   flat: [ '5.0.2' ],
43 silly audit   'follow-redirects': [ '1.15.6' ],
43 silly audit   'for-each': [ '0.3.3' ],
43 silly audit   'foreground-child': [ '3.1.1' ],
43 silly audit   'signal-exit': [ '4.1.0', '3.0.7' ],
43 silly audit   forwarded: [ '0.2.0' ],
43 silly audit   fresh: [ '0.5.2' ],
43 silly audit   'fs.realpath': [ '1.0.0' ],
43 silly audit   fsevents: [ '2.3.3' ],
43 silly audit   'function-bind': [ '1.1.2' ],
43 silly audit   gensync: [ '1.0.0-beta.2' ],
43 silly audit   'get-intrinsic': [ '1.2.4' ],
43 silly audit   'get-stream': [ '6.0.1' ],
43 silly audit   'glob-parent': [ '5.1.2' ],
43 silly audit   'glob-to-regexp': [ '0.4.1' ],
43 silly audit   globals: [ '11.12.0' ],
43 silly audit   globby: [ '6.1.0' ],
43 silly audit   pify: [ '2.3.0', '4.0.1' ],
43 silly audit   gopd: [ '1.0.1' ],
43 silly audit   'graceful-fs': [ '4.2.11' ],
43 silly audit   'handle-thing': [ '2.0.1' ],
43 silly audit   'has-flag': [ '3.0.0', '4.0.0' ],
43 silly audit   'has-property-descriptors': [ '1.0.2' ],
43 silly audit   'has-proto': [ '1.0.3' ],
43 silly audit   'has-symbols': [ '1.0.3' ],
43 silly audit   'has-tostringtag': [ '1.0.2' ],
43 silly audit   hasown: [ '2.0.2' ],
43 silly audit   he: [ '1.2.0' ],
43 silly audit   'hpack.js': [ '2.1.6' ],
43 silly audit   'readable-stream': [ '2.3.8', '2.3.7', '3.6.2' ],
43 silly audit   string_decoder: [ '1.1.1', '1.3.0' ],
43 silly audit   'html-entities': [ '2.5.2' ],
43 silly audit   'html-minifier-terser': [ '6.1.0' ],
43 silly audit   'html-webpack-plugin': [ '5.6.0' ],
43 silly audit   htmlparser2: [ '6.1.0' ],
43 silly audit   'http-deceiver': [ '1.2.7' ],
43 silly audit   'http-errors': [ '2.0.0', '1.6.3' ],
43 silly audit   'http-parser-js': [ '0.5.8' ],
43 silly audit   'http-proxy': [ '1.18.1' ],
43 silly audit   'http-proxy-middleware': [ '2.0.6' ],
43 silly audit   'human-signals': [ '2.1.0' ],
43 silly audit   hyperdyperid: [ '1.2.0' ],
43 silly audit   'iconv-lite': [ '0.4.24' ],
43 silly audit   ieee754: [ '1.2.1' ],
43 silly audit   'import-local': [ '3.1.0' ],
43 silly audit   'locate-path': [ '5.0.0', '7.2.0' ],
43 silly audit   'p-limit': [ '2.3.0', '4.0.0' ],
43 silly audit   'p-locate': [ '4.1.0', '6.0.0' ],
43 silly audit   'path-exists': [ '4.0.0', '5.0.0' ],
43 silly audit   'pkg-dir': [ '4.2.0', '7.0.0' ],
43 silly audit   inflight: [ '1.0.6' ],
43 silly audit   inherits: [ '2.0.4', '2.0.3' ],
43 silly audit   interpret: [ '3.1.1' ],
43 silly audit   'ipaddr.js': [ '2.2.0', '1.9.1' ],
43 silly audit   'is-arguments': [ '1.1.1' ],
43 silly audit   'is-binary-path': [ '2.1.0' ],
43 silly audit   'is-callable': [ '1.2.7' ],
43 silly audit   'is-core-module': [ '2.13.1' ],
43 silly audit   'is-docker': [ '3.0.0' ],
43 silly audit   'is-extglob': [ '2.1.1' ],
43 silly audit   'is-fullwidth-code-point': [ '3.0.0' ],
43 silly audit   'is-generator-function': [ '1.0.10' ],
43 silly audit   'is-glob': [ '4.0.3' ],
43 silly audit   'is-inside-container': [ '1.0.0' ],
43 silly audit   'is-nan': [ '1.3.2' ],
43 silly audit   'is-network-error': [ '1.1.0' ],
43 silly audit   'is-number': [ '7.0.0' ],
43 silly audit   'is-path-cwd': [ '2.2.0' ],
43 silly audit   'is-path-in-cwd': [ '2.1.0' ],
43 silly audit   'is-path-inside': [ '2.1.0' ],
43 silly audit   'is-plain-obj': [ '3.0.0' ],
43 silly audit   'is-plain-object': [ '2.0.4' ],
43 silly audit   'is-stream': [ '2.0.1' ],
43 silly audit   'is-typed-array': [ '1.1.13' ],
43 silly audit   'is-wsl': [ '3.1.0' ],
43 silly audit   isarray: [ '1.0.0' ],
43 silly audit   isexe: [ '2.0.0' ],
43 silly audit   isobject: [ '3.0.1' ],
43 silly audit   jackspeak: [ '3.3.0' ],
43 silly audit   'jest-worker': [ '27.5.1' ],
43 silly audit   'supports-color': [ '8.1.1', '5.5.0' ],
43 silly audit   'js-tokens': [ '4.0.0' ],
43 silly audit   jsesc: [ '2.5.2', '0.5.0' ],
43 silly audit   'json-parse-even-better-errors': [ '2.3.1' ],
43 silly audit   'json-schema-traverse': [ '1.0.0', '0.4.1' ],
43 silly audit   json5: [ '2.2.3' ],
43 silly audit   'kind-of': [ '6.0.3' ],
43 silly audit   'launch-editor': [ '2.6.1' ],
43 silly audit   'loader-runner': [ '4.3.0' ],
43 silly audit   lodash: [ '4.17.21' ],
43 silly audit   'lodash.debounce': [ '4.0.8' ],
43 silly audit   'loose-envify': [ '1.4.0' ],
43 silly audit   'lower-case': [ '2.0.2' ],
43 silly audit   'lru-cache': [ '5.1.1', '10.2.2' ],
43 silly audit   'media-typer': [ '0.3.0' ],
43 silly audit   memfs: [ '4.9.2' ],
43 silly audit   'merge-descriptors': [ '1.0.1' ],
43 silly audit   'merge-stream': [ '2.0.0' ],
43 silly audit   methods: [ '1.1.2' ],
43 silly audit   micromatch: [ '4.0.7' ],
43 silly audit   mime: [ '1.6.0' ],
43 silly audit   'mime-db': [ '1.52.0' ],
43 silly audit   'mime-types': [ '2.1.35' ],
43 silly audit   'mimic-fn': [ '2.1.0' ],
43 silly audit   'minimalistic-assert': [ '1.0.1' ],
43 silly audit   minipass: [ '7.1.2' ],
43 silly audit   'multicast-dns': [ '7.2.5' ],
43 silly audit   mysql: [ '2.18.1' ],
43 silly audit   negotiator: [ '0.6.3' ],
43 silly audit   'neo-async': [ '2.6.2' ],
43 silly audit   'no-case': [ '3.0.4' ],
43 silly audit   'node-forge': [ '1.3.1' ],
43 silly audit   'node-releases': [ '2.0.14' ],
43 silly audit   'normalize-path': [ '3.0.0' ],
43 silly audit   'npm-run-path': [ '4.0.1' ],
43 silly audit   'nth-check': [ '2.1.1' ],
43 silly audit   'object-assign': [ '4.1.1' ],
43 silly audit   'object-inspect': [ '1.13.1' ],
43 silly audit   'object-is': [ '1.1.6' ],
43 silly audit   'object-keys': [ '1.1.1' ],
43 silly audit   'object.assign': [ '4.1.5' ],
43 silly audit   obuf: [ '1.1.2' ],
43 silly audit   'on-finished': [ '2.4.1' ],
43 silly audit   'on-headers': [ '1.0.2' ],
43 silly audit   once: [ '1.4.0' ],
43 silly audit   onetime: [ '5.1.2' ],
43 silly audit   open: [ '10.1.0' ],
43 silly audit   'p-map': [ '2.1.0' ],
43 silly audit   'p-retry': [ '6.2.0' ],
43 silly audit   'p-try': [ '2.2.0' ],
43 silly audit   'param-case': [ '3.0.4' ],
43 silly audit   parseurl: [ '1.3.3' ],
43 silly audit   'pascal-case': [ '3.1.2' ],
43 silly audit   'path-is-absolute': [ '1.0.1' ],
43 silly audit   'path-is-inside': [ '1.0.2' ],
43 silly audit   'path-key': [ '3.1.1' ],
43 silly audit   'path-parse': [ '1.0.7' ],
43 silly audit   'path-scurry': [ '1.11.1' ],
43 silly audit   'path-to-regexp': [ '0.1.7' ],
43 silly audit   picocolors: [ '1.0.1' ],
43 silly audit   picomatch: [ '2.3.1' ],
43 silly audit   pinkie: [ '2.0.4' ],
43 silly audit   'pinkie-promise': [ '2.0.1' ],
43 silly audit   'possible-typed-array-names': [ '1.0.0' ],
43 silly audit   'pretty-error': [ '4.0.0' ],
43 silly audit   'process-nextick-args': [ '2.0.1' ],
43 silly audit   'proxy-addr': [ '2.0.7' ],
43 silly audit   punycode: [ '2.3.1', '1.4.1' ],
43 silly audit   qs: [ '6.11.0', '6.12.1' ],
43 silly audit   randombytes: [ '2.1.0' ],
43 silly audit   'range-parser': [ '1.2.1' ],
43 silly audit   'raw-body': [ '2.5.2' ],
43 silly audit   react: [ '18.3.1' ],
43 silly audit   'react-dom': [ '18.3.1' ],
43 silly audit   readdirp: [ '3.6.0' ],
43 silly audit   rechoir: [ '0.8.0' ],
43 silly audit   regenerate: [ '1.4.2' ],
43 silly audit   'regenerate-unicode-properties': [ '10.1.1' ],
43 silly audit   'regenerator-runtime': [ '0.14.1' ],
43 silly audit   'regenerator-transform': [ '0.15.2' ],
43 silly audit   'regexpu-core': [ '5.3.2' ],
43 silly audit   regjsparser: [ '0.9.1' ],
43 silly audit   relateurl: [ '0.2.7' ],
43 silly audit   renderkid: [ '3.0.0' ],
43 silly audit   'strip-ansi': [ '6.0.1', '7.1.0' ],
43 silly audit   'require-from-string': [ '2.0.2' ],
43 silly audit   'requires-port': [ '1.0.0' ],
43 silly audit   resolve: [ '1.22.8' ],
43 silly audit   'resolve-cwd': [ '3.0.0' ],
43 silly audit   'resolve-from': [ '5.0.0' ],
43 silly audit   retry: [ '0.13.1' ],
43 silly audit   'run-applescript': [ '7.0.0' ],
43 silly audit   'safer-buffer': [ '2.1.2' ],
43 silly audit   scheduler: [ '0.23.2' ],
43 silly audit   'schema-utils': [ '4.2.0', '3.3.0' ],
43 silly audit   'select-hose': [ '2.0.0' ],
43 silly audit   selfsigned: [ '2.4.1' ],
43 silly audit   semver: [ '6.3.1', '7.6.2' ],
43 silly audit   send: [ '0.18.0' ],
43 silly audit   'serialize-javascript': [ '6.0.2' ],
43 silly audit   'serve-index': [ '1.9.1' ],
43 silly audit   setprototypeof: [ '1.1.0', '1.2.0' ],
43 silly audit   statuses: [ '1.5.0', '2.0.1' ],
43 silly audit   'serve-static': [ '1.15.0' ],
43 silly audit   'set-function-length': [ '1.2.2' ],
43 silly audit   'shallow-clone': [ '3.0.1' ],
43 silly audit   'shebang-command': [ '2.0.0' ],
43 silly audit   'shebang-regex': [ '3.0.0' ],
43 silly audit   'shell-quote': [ '1.8.1' ],
43 silly audit   'side-channel': [ '1.0.6' ],
43 silly audit   sockjs: [ '0.3.24' ],
43 silly audit   'sonic-forest': [ '1.0.3' ],
43 silly audit   'source-map': [ '0.6.1' ],
43 silly audit   'source-map-support': [ '0.5.21' ],
43 silly audit   spdy: [ '4.0.2' ],
43 silly audit   'spdy-transport': [ '3.0.0' ],
43 silly audit   sqlstring: [ '2.3.1' ],
43 silly audit   'stream-browserify': [ '3.0.0' ],
43 silly audit   'string-width': [ '5.1.2', '4.2.3' ],
43 silly audit   'strip-final-newline': [ '2.0.0' ],
43 silly audit   'supports-preserve-symlinks-flag': [ '1.0.0' ],
43 silly audit   tapable: [ '2.2.1' ],
43 silly audit   terser: [ '5.31.0' ],
43 silly audit   'terser-webpack-plugin': [ '5.3.10' ],
43 silly audit   thingies: [ '1.21.0' ],
43 silly audit   thunky: [ '1.1.0' ],
43 silly audit   'to-fast-properties': [ '2.0.0' ],
43 silly audit   'to-regex-range': [ '5.0.1' ],
43 silly audit   toidentifier: [ '1.0.1' ],
43 silly audit   'tree-dump': [ '1.0.1' ],
43 silly audit   tslib: [ '2.6.3' ],
43 silly audit   'type-is': [ '1.6.18' ],
43 silly audit   'undici-types': [ '5.26.5' ],
43 silly audit   'unicode-canonical-property-names-ecmascript': [ '2.0.0' ],
43 silly audit   'unicode-match-property-ecmascript': [ '2.0.0' ],
43 silly audit   'unicode-match-property-value-ecmascript': [ '2.1.0' ],
43 silly audit   'unicode-property-aliases-ecmascript': [ '2.1.0' ],
43 silly audit   unpipe: [ '1.0.0' ],
43 silly audit   'update-browserslist-db': [ '1.0.16' ],
43 silly audit   'uri-js': [ '4.4.1' ],
43 silly audit   url: [ '0.11.3' ],
43 silly audit   util: [ '0.12.5' ],
43 silly audit   'util-deprecate': [ '1.0.2' ],
43 silly audit   utila: [ '0.4.0' ],
43 silly audit   'utils-merge': [ '1.0.1' ],
43 silly audit   uuid: [ '8.3.2' ],
43 silly audit   vary: [ '1.1.2' ],
43 silly audit   watchpack: [ '2.4.1' ],
43 silly audit   wbuf: [ '1.7.3' ],
43 silly audit   webpack: [ '5.91.0' ],
43 silly audit   'webpack-cli': [ '5.1.4' ],
43 silly audit   'webpack-dev-middleware': [ '7.2.1' ],
43 silly audit   'webpack-dev-server': [ '5.0.4' ],
43 silly audit   'webpack-hot-middleware': [ '2.26.1' ],
43 silly audit   'webpack-merge': [ '5.10.0' ],
43 silly audit   'webpack-sources': [ '3.2.3' ],
43 silly audit   'websocket-driver': [ '0.7.4' ],
43 silly audit   'websocket-extensions': [ '0.1.4' ],
43 silly audit   which: [ '2.0.2' ],
43 silly audit   'which-typed-array': [ '1.1.15' ],
43 silly audit   wildcard: [ '2.0.1' ],
43 silly audit   'wrap-ansi': [ '8.1.0', '7.0.0' ],
43 silly audit   wrappy: [ '1.0.2' ],
43 silly audit   ws: [ '8.17.0' ],
43 silly audit   yallist: [ '3.1.1' ],
43 silly audit   'yocto-queue': [ '1.0.0' ],
43 silly audit   nodemon: [ '3.1.3' ],
43 silly audit   'ignore-by-default': [ '1.0.1' ],
43 silly audit   'pstree.remy': [ '1.1.8' ],
43 silly audit   'simple-update-notifier': [ '2.0.0' ],
43 silly audit   touch: [ '3.1.1' ],
43 silly audit   undefsafe: [ '2.0.5' ]
43 silly audit }
44 verbose reify failed optional dependency F:\nodejs\htdocs\node_modules\fsevents
45 silly reify mark deleted [ 'F:\\nodejs\\htdocs\\node_modules\\fsevents' ]
46 http fetch POST 200 https://registry.yarnpkg.com/-/npm/v1/security/advisories/bulk 177ms
47 silly audit report {}
48 silly ADD node_modules/undefsafe
49 silly ADD node_modules/touch
50 silly ADD node_modules/simple-update-notifier
51 silly ADD node_modules/simple-update-notifier/node_modules/semver
52 silly ADD node_modules/pstree.remy
53 silly ADD node_modules/ignore-by-default
54 silly ADD node_modules/nodemon
55 silly ADD node_modules/nodemon/node_modules/brace-expansion
56 silly ADD node_modules/nodemon/node_modules/semver
57 silly ADD node_modules/nodemon/node_modules/minimatch
58 silly ADD
59 verbose exit 0
60 info ok
