0 verbose cli C:\Program Files\nodejs\node.exe C:\Program Files\nodejs\node_modules\npm\bin\npm-cli.js
1 info using npm@10.7.0
2 info using node@v20.14.0
3 silly config:load:file:C:\Program Files\nodejs\node_modules\npm\npmrc
4 silly config:load:file:C:\Users\ParkYoungsu\AppData\Local\Microsoft\TypeScript\5.4\.npmrc
5 silly config:load:file:C:\Users\ParkYoungsu\.npmrc
6 silly config:load:file:C:\Users\ParkYoungsu\AppData\Roaming\npm\etc\npmrc
7 verbose title npm install @types/html-webpack-plugin@ts5.4
8 verbose argv "install" "--ignore-scripts" "@types/html-webpack-plugin@ts5.4" "--save-dev" "--user-agent" "typesInstaller/5.4.5"
9 verbose logfile logs-max:10 dir:F:\nodejs\npm-cache\_logs\2024-06-05T10_50_37_011Z-
10 verbose logfile F:\nodejs\npm-cache\_logs\2024-06-05T10_50_37_011Z-debug-0.log
11 silly logfile start cleaning logs, removing 1 files
12 silly logfile done cleaning log files
13 http fetch GET 200 https://registry.yarnpkg.com/@types%2fhtml-webpack-plugin 1233ms (cache miss)
14 silly idealTree buildDeps
15 silly fetch manifest @types/html-webpack-plugin@3.2.9
16 silly placeDep ROOT @types/html-webpack-plugin@3.2.9 OK for:  want: 3.2.9
17 silly fetch manifest @types/html-minifier@*
18 silly fetch manifest @types/tapable@^1
19 silly fetch manifest @types/webpack@^4
20 http fetch GET 200 https://registry.yarnpkg.com/@types%2ftapable 72ms (cache miss)
21 http fetch GET 200 https://registry.yarnpkg.com/@types%2fwebpack 105ms (cache miss)
22 http fetch GET 200 https://registry.yarnpkg.com/@types%2fhtml-minifier 875ms (cache miss)
23 silly placeDep ROOT @types/html-minifier@4.0.5 OK for: @types/html-webpack-plugin@3.2.9 want: *
24 silly placeDep ROOT @types/tapable@1.0.12 OK for: @types/html-webpack-plugin@3.2.9 want: ^1
25 silly placeDep ROOT @types/webpack@4.41.38 OK for: @types/html-webpack-plugin@3.2.9 want: ^4
26 silly fetch manifest @types/clean-css@*
27 silly fetch manifest @types/relateurl@*
28 silly fetch manifest @types/uglify-js@*
29 silly fetch manifest @types/webpack-sources@*
30 silly fetch manifest anymatch@^3.0.0
31 http fetch GET 200 https://registry.yarnpkg.com/anymatch 71ms (cache revalidated)
32 http fetch GET 200 https://registry.yarnpkg.com/@types%2fwebpack-sources 83ms (cache miss)
33 http fetch GET 200 https://registry.yarnpkg.com/@types%2fuglify-js 877ms (cache miss)
34 http fetch GET 200 https://registry.yarnpkg.com/@types%2fclean-css 895ms (cache miss)
35 http fetch GET 200 https://registry.yarnpkg.com/@types%2frelateurl 1248ms (cache miss)
36 silly placeDep ROOT @types/clean-css@4.2.11 OK for: @types/html-minifier@4.0.5 want: *
37 silly placeDep ROOT @types/relateurl@0.2.33 OK for: @types/html-minifier@4.0.5 want: *
38 silly placeDep ROOT @types/uglify-js@3.17.5 OK for: @types/html-minifier@4.0.5 want: *
39 silly placeDep ROOT @types/webpack-sources@3.2.3 OK for: @types/webpack@4.41.38 want: *
40 silly placeDep ROOT anymatch@3.1.3 OK for: @types/webpack@4.41.38 want: ^3.0.0
41 silly fetch manifest @types/source-list-map@*
42 silly fetch manifest source-map@^0.7.3
43 silly fetch manifest normalize-path@^3.0.0
44 http fetch GET 200 https://registry.yarnpkg.com/normalize-path 37ms (cache revalidated)
45 http fetch GET 200 https://registry.yarnpkg.com/source-map 51ms (cache revalidated)
46 http fetch GET 200 https://registry.yarnpkg.com/@types%2fsource-list-map 1279ms (cache miss)
47 silly placeDep ROOT @types/source-list-map@0.1.6 OK for: @types/webpack-sources@3.2.3 want: *
48 silly placeDep node_modules/@types/webpack-sources source-map@0.7.4 OK for: @types/webpack-sources@3.2.3 want: ^0.7.3
49 silly placeDep ROOT normalize-path@3.0.0 OK for: anymatch@3.1.3 want: ^3.0.0
50 silly reify moves {}
51 silly audit bulk request {
51 silly audit   '@babel/code-frame': [ '7.24.6' ],
51 silly audit   '@babel/helper-string-parser': [ '7.24.6' ],
51 silly audit   '@babel/helper-validator-identifier': [ '7.24.6' ],
51 silly audit   '@babel/highlight': [ '7.24.6' ],
51 silly audit   'ansi-styles': [ '3.2.1', '4.3.0', '5.2.0' ],
51 silly audit   chalk: [ '2.4.2', '4.1.2' ],
51 silly audit   'color-convert': [ '1.9.3', '2.0.1' ],
51 silly audit   'color-name': [ '1.1.3', '1.1.4' ],
51 silly audit   'escape-string-regexp': [ '1.0.5', '2.0.0' ],
51 silly audit   'has-flag': [ '3.0.0', '4.0.0' ],
51 silly audit   'supports-color': [ '5.5.0', '8.1.1', '7.2.0' ],
51 silly audit   '@babel/parser': [ '7.24.6' ],
51 silly audit   '@babel/types': [ '7.24.6' ],
51 silly audit   '@jest/expect-utils': [ '29.7.0' ],
51 silly audit   '@jest/schemas': [ '29.6.3' ],
51 silly audit   '@jest/types': [ '29.6.3' ],
51 silly audit   '@jridgewell/gen-mapping': [ '0.3.5' ],
51 silly audit   '@jridgewell/resolve-uri': [ '3.1.2' ],
51 silly audit   '@jridgewell/set-array': [ '1.2.1' ],
51 silly audit   '@jridgewell/source-map': [ '0.3.6' ],
51 silly audit   '@jridgewell/sourcemap-codec': [ '1.4.15' ],
51 silly audit   '@jridgewell/trace-mapping': [ '0.3.25' ],
51 silly audit   '@sinclair/typebox': [ '0.27.8' ],
51 silly audit   '@types/assert': [ '1.5.10' ],
51 silly audit   '@types/babel__core': [ '7.20.5' ],
51 silly audit   '@types/babel__generator': [ '7.6.8' ],
51 silly audit   '@types/babel__preset-env': [ '7.9.6' ],
51 silly audit   '@types/babel__template': [ '7.4.4' ],
51 silly audit   '@types/babel__traverse': [ '7.20.6' ],
51 silly audit   '@types/body-parser': [ '1.19.5' ],
51 silly audit   '@types/buffer-from': [ '1.1.3' ],
51 silly audit   '@types/connect': [ '3.4.38' ],
51 silly audit   '@types/cors': [ '2.8.17' ],
51 silly audit   '@types/cross-spawn': [ '6.0.6' ],
51 silly audit   '@types/debug': [ '4.1.12' ],
51 silly audit   '@types/duplexer2': [ '0.1.6' ],
51 silly audit   '@types/envinfo': [ '7.8.3' ],
51 silly audit   '@types/eslint': [ '8.56.10' ],
51 silly audit   '@types/eslint-scope': [ '3.7.7' ],
51 silly audit   '@types/estree': [ '1.0.5' ],
51 silly audit   '@types/express': [ '4.17.21' ],
51 silly audit   '@types/express-serve-static-core': [ '4.19.3' ],
51 silly audit   '@types/fs-extra': [ '11.0.4' ],
51 silly audit   '@types/http-errors': [ '2.0.4' ],
51 silly audit   '@types/istanbul-lib-coverage': [ '2.0.6' ],
51 silly audit   '@types/istanbul-lib-report': [ '3.0.3' ],
51 silly audit   '@types/istanbul-reports': [ '3.0.4' ],
51 silly audit   '@types/jest': [ '29.5.12' ],
51 silly audit   '@types/json-schema': [ '7.0.15' ],
51 silly audit   '@types/jsonfile': [ '6.1.4' ],
51 silly audit   '@types/mime': [ '1.3.5' ],
51 silly audit   '@types/ms': [ '0.7.34' ],
51 silly audit   '@types/mysql': [ '2.15.26' ],
51 silly audit   '@types/node': [ '20.14.0' ],
51 silly audit   '@types/npm': [ '7.19.3' ],
51 silly audit   '@types/once': [ '1.4.4' ],
51 silly audit   '@types/prompts': [ '2.4.9' ],
51 silly audit   '@types/prop-types': [ '15.7.12' ],
51 silly audit   '@types/qs': [ '6.9.15' ],
51 silly audit   '@types/range-parser': [ '1.2.7' ],
51 silly audit   '@types/react': [ '18.3.3' ],
51 silly audit   '@types/react-dom': [ '18.3.0' ],
51 silly audit   '@types/readable-stream': [ '4.0.14' ],
51 silly audit   '@types/semver': [ '7.5.8' ],
51 silly audit   '@types/send': [ '0.17.4' ],
51 silly audit   '@types/serve-static': [ '1.15.7' ],
51 silly audit   '@types/stack-utils': [ '2.0.3' ],
51 silly audit   '@types/tar': [ '6.1.13' ],
51 silly audit   '@types/through2': [ '2.0.41' ],
51 silly audit   '@types/tmp': [ '0.2.6' ],
51 silly audit   '@types/validate-npm-package-name': [ '4.0.2' ],
51 silly audit   '@types/webpack-hot-middleware': [ '2.25.9' ],
51 silly audit   '@types/yargs': [ '17.0.32' ],
51 silly audit   '@types/yargs-parser': [ '21.0.3' ],
51 silly audit   '@webassemblyjs/ast': [ '1.12.1' ],
51 silly audit   '@webassemblyjs/floating-point-hex-parser': [ '1.11.6' ],
51 silly audit   '@webassemblyjs/helper-api-error': [ '1.11.6' ],
51 silly audit   '@webassemblyjs/helper-buffer': [ '1.12.1' ],
51 silly audit   '@webassemblyjs/helper-numbers': [ '1.11.6' ],
51 silly audit   '@webassemblyjs/helper-wasm-bytecode': [ '1.11.6' ],
51 silly audit   '@webassemblyjs/helper-wasm-section': [ '1.12.1' ],
51 silly audit   '@webassemblyjs/ieee754': [ '1.11.6' ],
51 silly audit   '@webassemblyjs/leb128': [ '1.11.6' ],
51 silly audit   '@webassemblyjs/utf8': [ '1.11.6' ],
51 silly audit   '@webassemblyjs/wasm-edit': [ '1.12.1' ],
51 silly audit   '@webassemblyjs/wasm-gen': [ '1.12.1' ],
51 silly audit   '@webassemblyjs/wasm-opt': [ '1.12.1' ],
51 silly audit   '@webassemblyjs/wasm-parser': [ '1.12.1' ],
51 silly audit   '@webassemblyjs/wast-printer': [ '1.12.1' ],
51 silly audit   '@xtuc/ieee754': [ '1.2.0' ],
51 silly audit   '@xtuc/long': [ '4.2.2' ],
51 silly audit   acorn: [ '8.11.3' ],
51 silly audit   'acorn-import-assertions': [ '1.9.0' ],
51 silly audit   ajv: [ '6.12.6' ],
51 silly audit   'ajv-keywords': [ '3.5.2' ],
51 silly audit   braces: [ '3.0.3' ],
51 silly audit   browserslist: [ '4.23.0' ],
51 silly audit   'buffer-from': [ '1.1.2' ],
51 silly audit   'caniuse-lite': [ '1.0.30001628' ],
51 silly audit   'chrome-trace-event': [ '1.0.4' ],
51 silly audit   'ci-info': [ '3.9.0' ],
51 silly audit   commander: [ '2.20.3' ],
51 silly audit   csstype: [ '3.1.3' ],
51 silly audit   'diff-sequences': [ '29.6.3' ],
51 silly audit   'electron-to-chromium': [ '1.4.790' ],
51 silly audit   'enhanced-resolve': [ '5.17.0' ],
51 silly audit   'es-module-lexer': [ '1.5.3' ],
51 silly audit   escalade: [ '3.1.2' ],
51 silly audit   'eslint-scope': [ '5.1.1' ],
51 silly audit   esrecurse: [ '4.3.0' ],
51 silly audit   estraverse: [ '5.3.0', '4.3.0' ],
51 silly audit   events: [ '3.3.0' ],
51 silly audit   expect: [ '29.7.0' ],
51 silly audit   'fast-deep-equal': [ '3.1.3' ],
51 silly audit   'fast-json-stable-stringify': [ '2.1.0' ],
51 silly audit   'fill-range': [ '7.1.1' ],
51 silly audit   'glob-to-regexp': [ '0.4.1' ],
51 silly audit   'graceful-fs': [ '4.2.11' ],
51 silly audit   'is-number': [ '7.0.0' ],
51 silly audit   'jest-diff': [ '29.7.0' ],
51 silly audit   'jest-get-type': [ '29.6.3' ],
51 silly audit   'jest-matcher-utils': [ '29.7.0' ],
51 silly audit   'jest-message-util': [ '29.7.0' ],
51 silly audit   'jest-util': [ '29.7.0' ],
51 silly audit   'jest-worker': [ '27.5.1' ],
51 silly audit   'js-tokens': [ '4.0.0' ],
51 silly audit   'json-parse-even-better-errors': [ '2.3.1' ],
51 silly audit   'json-schema-traverse': [ '0.4.1' ],
51 silly audit   kleur: [ '3.0.3' ],
51 silly audit   'loader-runner': [ '4.3.0' ],
51 silly audit   'merge-stream': [ '2.0.0' ],
51 silly audit   micromatch: [ '4.0.7' ],
51 silly audit   'mime-db': [ '1.52.0' ],
51 silly audit   'mime-types': [ '2.1.35' ],
51 silly audit   minipass: [ '4.2.8' ],
51 silly audit   'neo-async': [ '2.6.2' ],
51 silly audit   'node-releases': [ '2.0.14' ],
51 silly audit   picocolors: [ '1.0.1' ],
51 silly audit   picomatch: [ '2.3.1' ],
51 silly audit   'pretty-format': [ '29.7.0' ],
51 silly audit   punycode: [ '2.3.1' ],
51 silly audit   randombytes: [ '2.1.0' ],
51 silly audit   'react-is': [ '18.3.1' ],
51 silly audit   'safe-buffer': [ '5.1.2' ],
51 silly audit   'schema-utils': [ '3.3.0' ],
51 silly audit   'serialize-javascript': [ '6.0.2' ],
51 silly audit   slash: [ '3.0.0' ],
51 silly audit   'source-map': [ '0.6.1', '0.7.4' ],
51 silly audit   'source-map-support': [ '0.5.21' ],
51 silly audit   'stack-utils': [ '2.0.6' ],
51 silly audit   tapable: [ '2.2.1' ],
51 silly audit   terser: [ '5.31.0' ],
51 silly audit   'terser-webpack-plugin': [ '5.3.10' ],
51 silly audit   'to-fast-properties': [ '2.0.0' ],
51 silly audit   'to-regex-range': [ '5.0.1' ],
51 silly audit   'types-registry': [ '0.1.685' ],
51 silly audit   'undici-types': [ '5.26.5' ],
51 silly audit   'update-browserslist-db': [ '1.0.16' ],
51 silly audit   'uri-js': [ '4.4.1' ],
51 silly audit   watchpack: [ '2.4.1' ],
51 silly audit   webpack: [ '5.91.0' ],
51 silly audit   'webpack-sources': [ '3.2.3' ],
51 silly audit   '@types/html-webpack-plugin': [ '3.2.9' ],
51 silly audit   '@types/html-minifier': [ '4.0.5' ],
51 silly audit   '@types/tapable': [ '1.0.12' ],
51 silly audit   '@types/webpack': [ '4.41.38' ],
51 silly audit   '@types/clean-css': [ '4.2.11' ],
51 silly audit   '@types/relateurl': [ '0.2.33' ],
51 silly audit   '@types/uglify-js': [ '3.17.5' ],
51 silly audit   '@types/webpack-sources': [ '3.2.3' ],
51 silly audit   anymatch: [ '3.1.3' ],
51 silly audit   '@types/source-list-map': [ '0.1.6' ],
51 silly audit   'normalize-path': [ '3.0.0' ]
51 silly audit }
52 silly tarball no local data for @types/source-list-map@https://registry.yarnpkg.com/@types/source-list-map/-/source-list-map-0.1.6.tgz. Extracting by manifest.
53 silly tarball no local data for @types/tapable@https://registry.yarnpkg.com/@types/tapable/-/tapable-1.0.12.tgz. Extracting by manifest.
54 silly tarball no local data for @types/webpack-sources@https://registry.yarnpkg.com/@types/webpack-sources/-/webpack-sources-3.2.3.tgz. Extracting by manifest.
55 silly tarball no local data for @types/html-minifier@https://registry.yarnpkg.com/@types/html-minifier/-/html-minifier-4.0.5.tgz. Extracting by manifest.
56 silly tarball no local data for @types/html-webpack-plugin@https://registry.yarnpkg.com/@types/html-webpack-plugin/-/html-webpack-plugin-3.2.9.tgz. Extracting by manifest.
57 silly tarball no local data for @types/webpack@https://registry.yarnpkg.com/@types/webpack/-/webpack-4.41.38.tgz. Extracting by manifest.
58 silly tarball no local data for @types/clean-css@https://registry.yarnpkg.com/@types/clean-css/-/clean-css-4.2.11.tgz. Extracting by manifest.
59 silly tarball no local data for @types/relateurl@https://registry.yarnpkg.com/@types/relateurl/-/relateurl-0.2.33.tgz. Extracting by manifest.
60 silly tarball no local data for @types/uglify-js@https://registry.yarnpkg.com/@types/uglify-js/-/uglify-js-3.17.5.tgz. Extracting by manifest.
61 silly tarball no local data for source-map@https://registry.yarnpkg.com/source-map/-/source-map-0.7.4.tgz. Extracting by manifest.
62 http fetch GET 200 https://registry.yarnpkg.com/@types/webpack-sources/-/webpack-sources-3.2.3.tgz 55ms (cache miss)
63 http fetch GET 200 https://registry.yarnpkg.com/@types/tapable/-/tapable-1.0.12.tgz 102ms (cache miss)
64 http fetch GET 200 https://registry.yarnpkg.com/@types/uglify-js/-/uglify-js-3.17.5.tgz 103ms (cache miss)
65 http fetch GET 200 https://registry.yarnpkg.com/@types/webpack/-/webpack-4.41.38.tgz 123ms (cache miss)
66 http fetch POST 200 https://registry.yarnpkg.com/-/npm/v1/security/advisories/bulk 169ms
67 silly audit report {}
68 http fetch GET 200 https://registry.yarnpkg.com/source-map/-/source-map-0.7.4.tgz 228ms (cache miss)
69 http fetch GET 200 https://registry.yarnpkg.com/@types/source-list-map/-/source-list-map-0.1.6.tgz 647ms (cache miss)
70 http fetch GET 200 https://registry.yarnpkg.com/@types/html-minifier/-/html-minifier-4.0.5.tgz 653ms (cache miss)
71 http fetch GET 200 https://registry.yarnpkg.com/@types/clean-css/-/clean-css-4.2.11.tgz 668ms (cache miss)
72 http fetch GET 200 https://registry.yarnpkg.com/@types/relateurl/-/relateurl-0.2.33.tgz 680ms (cache miss)
73 http fetch GET 200 https://registry.yarnpkg.com/@types/html-webpack-plugin/-/html-webpack-plugin-3.2.9.tgz 792ms (cache miss)
74 silly ADD node_modules/normalize-path
75 silly ADD node_modules/@types/source-list-map
76 silly ADD node_modules/anymatch
77 silly ADD node_modules/@types/webpack-sources
78 silly ADD node_modules/@types/webpack-sources/node_modules/source-map
79 silly ADD node_modules/@types/uglify-js
80 silly ADD node_modules/@types/relateurl
81 silly ADD node_modules/@types/clean-css
82 silly ADD node_modules/@types/webpack
83 silly ADD node_modules/@types/tapable
84 silly ADD node_modules/@types/html-minifier
85 silly ADD node_modules/@types/html-webpack-plugin
86 verbose exit 0
87 info ok
