0 verbose cli C:\Program Files\nodejs\node.exe C:\Program Files\nodejs\node_modules\npm\bin\npm-cli.js
1 info using npm@10.7.0
2 info using node@v20.14.0
3 silly config:load:file:C:\Program Files\nodejs\node_modules\npm\npmrc
4 silly config:load:file:F:\nodejs\htdocs\.npmrc
5 silly config:load:file:C:\Users\ParkYoungsu\.npmrc
6 silly config:load:file:C:\Users\ParkYoungsu\AppData\Roaming\npm\etc\npmrc
7 verbose title npm install html-webpack-plugin clean-webpack-plugin
8 verbose argv "install" "--save-dev" "html-webpack-plugin" "clean-webpack-plugin"
9 verbose logfile logs-max:10 dir:F:\nodejs\npm-cache\_logs\2024-06-05T10_52_11_798Z-
10 verbose logfile F:\nodejs\npm-cache\_logs\2024-06-05T10_52_11_798Z-debug-0.log
11 silly logfile start cleaning logs, removing 1 files
12 silly logfile done cleaning log files
13 silly idealTree buildDeps
14 silly fetch manifest html-webpack-plugin@*
15 http fetch GET 200 https://registry.yarnpkg.com/html-webpack-plugin 261ms (cache miss)
16 silly fetch manifest @rspack/core@0.x || 1.x
17 http fetch GET 200 https://registry.yarnpkg.com/@rspack%2fcore 209ms (cache miss)
18 silly fetch manifest @swc/helpers@>=0.5.1
19 http fetch GET 200 https://registry.yarnpkg.com/@swc%2fhelpers 93ms (cache miss)
20 silly fetch manifest webpack@^5.91.0
21 http fetch GET 200 https://registry.yarnpkg.com/webpack 57ms (cache revalidated)
22 silly fetch manifest clean-webpack-plugin@*
23 http fetch GET 200 https://registry.yarnpkg.com/clean-webpack-plugin 38ms (cache miss)
24 silly placeDep ROOT clean-webpack-plugin@4.0.0 OK for: htdocs@1.0.0 want: *
25 silly placeDep ROOT html-webpack-plugin@5.6.0 OK for: htdocs@1.0.0 want: *
26 silly fetch manifest del@^4.1.1
27 silly fetch manifest @types/html-minifier-terser@^6.0.0
28 silly fetch manifest html-minifier-terser@^6.0.2
29 silly fetch manifest lodash@^4.17.21
30 silly fetch manifest pretty-error@^4.0.0
31 http fetch GET 200 https://registry.yarnpkg.com/lodash 89ms (cache miss)
32 http fetch GET 200 https://registry.yarnpkg.com/pretty-error 92ms (cache miss)
33 http fetch GET 200 https://registry.yarnpkg.com/del 657ms (cache miss)
34 http fetch GET 200 https://registry.yarnpkg.com/html-minifier-terser 663ms (cache miss)
35 http fetch GET 200 https://registry.yarnpkg.com/@types%2fhtml-minifier-terser 1174ms (cache miss)
36 silly placeDep ROOT del@4.1.1 OK for: clean-webpack-plugin@4.0.0 want: ^4.1.1
37 silly fetch manifest @types/glob@^7.1.1
38 silly fetch manifest globby@^6.1.0
39 silly fetch manifest is-path-cwd@^2.0.0
40 silly fetch manifest is-path-in-cwd@^2.0.0
41 silly fetch manifest p-map@^2.0.0
42 silly fetch manifest pify@^4.0.1
43 silly fetch manifest rimraf@^2.6.3
44 http fetch GET 200 https://registry.yarnpkg.com/globby 52ms (cache miss)
45 http fetch GET 200 https://registry.yarnpkg.com/pify 56ms (cache miss)
46 http fetch GET 200 https://registry.yarnpkg.com/rimraf 60ms (cache revalidated)
47 http fetch GET 200 https://registry.yarnpkg.com/@types%2fglob 74ms (cache miss)
48 http fetch GET 200 https://registry.yarnpkg.com/is-path-in-cwd 649ms (cache miss)
49 http fetch GET 200 https://registry.yarnpkg.com/p-map 651ms (cache miss)
50 http fetch GET 200 https://registry.yarnpkg.com/is-path-cwd 668ms (cache miss)
51 silly placeDep ROOT @types/glob@7.2.0 OK for: del@4.1.1 want: ^7.1.1
52 silly placeDep ROOT globby@6.1.0 OK for: del@4.1.1 want: ^6.1.0
53 silly placeDep ROOT is-path-cwd@2.2.0 OK for: del@4.1.1 want: ^2.0.0
54 silly placeDep ROOT is-path-in-cwd@2.1.0 OK for: del@4.1.1 want: ^2.0.0
55 silly placeDep ROOT p-map@2.1.0 OK for: del@4.1.1 want: ^2.0.0
56 silly placeDep ROOT pify@4.0.1 OK for: del@4.1.1 want: ^4.0.1
57 silly placeDep node_modules/del rimraf@2.7.1 OK for: del@4.1.1 want: ^2.6.3
58 silly fetch manifest @types/minimatch@*
59 silly fetch manifest array-union@^1.0.1
60 silly fetch manifest glob@^7.0.3
61 silly fetch manifest object-assign@^4.0.1
62 silly fetch manifest pify@^2.0.0
63 silly fetch manifest pinkie-promise@^2.0.0
64 silly fetch manifest is-path-inside@^2.1.0
65 silly fetch manifest glob@^7.1.3
66 http fetch GET 200 https://registry.yarnpkg.com/pinkie-promise 39ms (cache miss)
67 http fetch GET 200 https://registry.yarnpkg.com/glob 45ms (cache revalidated)
68 http fetch GET 200 https://registry.yarnpkg.com/glob 45ms (cache revalidated)
69 http fetch GET 200 https://registry.yarnpkg.com/array-union 52ms (cache miss)
70 http fetch GET 200 https://registry.yarnpkg.com/object-assign 53ms (cache miss)
71 http fetch GET 200 https://registry.yarnpkg.com/@types%2fminimatch 56ms (cache miss)
72 http fetch GET 200 https://registry.yarnpkg.com/is-path-inside 208ms (cache miss)
73 silly placeDep ROOT @types/minimatch@5.1.2 OK for: @types/glob@7.2.0 want: *
74 silly placeDep ROOT array-union@1.0.2 OK for: globby@6.1.0 want: ^1.0.1
75 silly placeDep node_modules/globby glob@7.2.3 OK for: globby@6.1.0 want: ^7.0.3
76 silly placeDep ROOT object-assign@4.1.1 OK for: globby@6.1.0 want: ^4.0.1
77 silly placeDep node_modules/globby pify@2.3.0 OK for: globby@6.1.0 want: ^2.0.0
78 silly placeDep ROOT pinkie-promise@2.0.1 OK for: globby@6.1.0 want: ^2.0.0
79 silly fetch manifest array-uniq@^1.0.1
80 silly fetch manifest fs.realpath@^1.0.0
81 silly fetch manifest inflight@^1.0.4
82 silly fetch manifest minimatch@^3.1.1
83 silly fetch manifest once@^1.3.0
84 silly fetch manifest path-is-absolute@^1.0.0
85 silly fetch manifest pinkie@^2.0.0
86 http fetch GET 200 https://registry.yarnpkg.com/minimatch 50ms (cache revalidated)
87 http fetch GET 200 https://registry.yarnpkg.com/fs.realpath 56ms (cache miss)
88 http fetch GET 200 https://registry.yarnpkg.com/path-is-absolute 58ms (cache miss)
89 http fetch GET 200 https://registry.yarnpkg.com/array-uniq 61ms (cache miss)
90 http fetch GET 200 https://registry.yarnpkg.com/inflight 61ms (cache miss)
91 http fetch GET 200 https://registry.yarnpkg.com/once 61ms (cache miss)
92 http fetch GET 200 https://registry.yarnpkg.com/pinkie 668ms (cache miss)
93 silly placeDep ROOT array-uniq@1.0.3 OK for: array-union@1.0.2 want: ^1.0.1
94 silly placeDep ROOT @types/html-minifier-terser@6.1.0 OK for: html-webpack-plugin@5.6.0 want: ^6.0.0
95 silly placeDep ROOT html-minifier-terser@6.1.0 OK for: html-webpack-plugin@5.6.0 want: ^6.0.2
96 silly placeDep ROOT lodash@4.17.21 OK for: html-webpack-plugin@5.6.0 want: ^4.17.21
97 silly placeDep ROOT pretty-error@4.0.0 OK for: html-webpack-plugin@5.6.0 want: ^4.0.0
98 silly fetch manifest camel-case@^4.1.2
99 silly fetch manifest clean-css@^5.2.2
100 silly fetch manifest commander@^8.3.0
101 silly fetch manifest he@^1.2.0
102 silly fetch manifest param-case@^3.0.4
103 silly fetch manifest relateurl@^0.2.7
104 silly fetch manifest renderkid@^3.0.0
105 http fetch GET 200 https://registry.yarnpkg.com/camel-case 38ms (cache miss)
106 http fetch GET 200 https://registry.yarnpkg.com/he 37ms (cache miss)
107 http fetch GET 200 https://registry.yarnpkg.com/commander 45ms (cache revalidated)
108 http fetch GET 200 https://registry.yarnpkg.com/renderkid 54ms (cache miss)
109 http fetch GET 200 https://registry.yarnpkg.com/clean-css 60ms (cache miss)
110 http fetch GET 200 https://registry.yarnpkg.com/param-case 245ms (cache miss)
111 http fetch GET 200 https://registry.yarnpkg.com/relateurl 612ms (cache miss)
112 silly placeDep ROOT camel-case@4.1.2 OK for: html-minifier-terser@6.1.0 want: ^4.1.2
113 silly placeDep ROOT clean-css@5.3.3 OK for: html-minifier-terser@6.1.0 want: ^5.2.2
114 silly placeDep node_modules/html-minifier-terser commander@8.3.0 OK for: html-minifier-terser@6.1.0 want: ^8.3.0
115 silly placeDep ROOT he@1.2.0 OK for: html-minifier-terser@6.1.0 want: ^1.2.0
116 silly placeDep ROOT param-case@3.0.4 OK for: html-minifier-terser@6.1.0 want: ^3.0.4
117 silly placeDep ROOT relateurl@0.2.7 OK for: html-minifier-terser@6.1.0 want: ^0.2.7
118 silly fetch manifest pascal-case@^3.1.2
119 silly fetch manifest dot-case@^3.0.4
120 http fetch GET 200 https://registry.yarnpkg.com/dot-case 631ms (cache miss)
121 http fetch GET 200 https://registry.yarnpkg.com/pascal-case 633ms (cache miss)
122 silly placeDep ROOT pascal-case@3.1.2 OK for: camel-case@4.1.2 want: ^3.1.2
123 silly fetch manifest no-case@^3.0.4
124 http fetch GET 200 https://registry.yarnpkg.com/no-case 61ms (cache miss)
125 silly placeDep ROOT is-path-inside@2.1.0 OK for: is-path-in-cwd@2.1.0 want: ^2.1.0
126 silly fetch manifest path-is-inside@^1.0.2
127 http fetch GET 200 https://registry.yarnpkg.com/path-is-inside 223ms (cache miss)
128 silly placeDep ROOT path-is-inside@1.0.2 OK for: is-path-inside@2.1.0 want: ^1.0.2
129 silly placeDep ROOT dot-case@3.0.4 OK for: param-case@3.0.4 want: ^3.0.4
130 silly placeDep ROOT no-case@3.0.4 OK for: dot-case@3.0.4 want: ^3.0.4
131 silly fetch manifest lower-case@^2.0.2
132 http fetch GET 200 https://registry.yarnpkg.com/lower-case 59ms (cache miss)
133 silly placeDep ROOT lower-case@2.0.2 OK for: no-case@3.0.4 want: ^2.0.2
134 silly placeDep ROOT pinkie@2.0.4 OK for: pinkie-promise@2.0.1 want: ^2.0.0
135 silly placeDep ROOT renderkid@3.0.0 OK for: pretty-error@4.0.0 want: ^3.0.0
136 silly fetch manifest css-select@^4.1.3
137 silly fetch manifest dom-converter@^0.2.0
138 silly fetch manifest htmlparser2@^6.1.0
139 silly fetch manifest strip-ansi@^6.0.1
140 http fetch GET 200 https://registry.yarnpkg.com/css-select 44ms (cache miss)
141 http fetch GET 200 https://registry.yarnpkg.com/strip-ansi 51ms (cache revalidated)
142 http fetch GET 200 https://registry.yarnpkg.com/htmlparser2 52ms (cache miss)
143 http fetch GET 200 https://registry.yarnpkg.com/dom-converter 67ms (cache miss)
144 silly placeDep ROOT css-select@4.3.0 OK for: renderkid@3.0.0 want: ^4.1.3
145 silly placeDep ROOT dom-converter@0.2.0 OK for: renderkid@3.0.0 want: ^0.2.0
146 silly placeDep ROOT htmlparser2@6.1.0 OK for: renderkid@3.0.0 want: ^6.1.0
147 silly placeDep node_modules/renderkid strip-ansi@6.0.1 OK for: renderkid@3.0.0 want: ^6.0.1
148 silly fetch manifest boolbase@^1.0.0
149 silly fetch manifest css-what@^6.0.1
150 silly fetch manifest domhandler@^4.3.1
151 silly fetch manifest domutils@^2.8.0
152 silly fetch manifest nth-check@^2.0.1
153 silly fetch manifest utila@~0.4
154 silly fetch manifest domelementtype@^2.0.1
155 silly fetch manifest domhandler@^4.0.0
156 silly fetch manifest domutils@^2.5.2
157 silly fetch manifest entities@^2.0.0
158 silly fetch manifest ansi-regex@^5.0.1
159 http fetch GET 200 https://registry.yarnpkg.com/css-what 37ms (cache miss)
160 http fetch GET 200 https://registry.yarnpkg.com/boolbase 41ms (cache miss)
161 http fetch GET 200 https://registry.yarnpkg.com/domelementtype 43ms (cache miss)
162 http fetch GET 200 https://registry.yarnpkg.com/domutils 45ms (cache miss)
163 http fetch GET 200 https://registry.yarnpkg.com/nth-check 49ms (cache miss)
164 http fetch GET 200 https://registry.yarnpkg.com/ansi-regex 67ms (cache revalidated)
165 http fetch GET 200 https://registry.yarnpkg.com/entities 70ms (cache miss)
166 http fetch GET 200 https://registry.yarnpkg.com/domutils 76ms (cache miss)
167 http fetch GET 200 https://registry.yarnpkg.com/domhandler 81ms (cache miss)
168 http fetch GET 200 https://registry.yarnpkg.com/utila 245ms (cache miss)
169 http fetch GET 200 https://registry.yarnpkg.com/domhandler 630ms (cache miss)
170 silly placeDep ROOT boolbase@1.0.0 OK for: css-select@4.3.0 want: ^1.0.0
171 silly placeDep ROOT css-what@6.1.0 OK for: css-select@4.3.0 want: ^6.0.1
172 silly placeDep ROOT domhandler@4.3.1 OK for: css-select@4.3.0 want: ^4.3.1
173 silly placeDep ROOT domutils@2.8.0 OK for: css-select@4.3.0 want: ^2.8.0
174 silly placeDep ROOT nth-check@2.1.1 OK for: css-select@4.3.0 want: ^2.0.1
175 silly fetch manifest domelementtype@^2.2.0
176 silly fetch manifest dom-serializer@^1.0.1
177 http fetch GET 200 https://registry.yarnpkg.com/dom-serializer 54ms (cache miss)
178 silly placeDep ROOT utila@0.4.0 OK for: dom-converter@0.2.0 want: ~0.4
179 silly placeDep ROOT domelementtype@2.3.0 OK for: domhandler@4.3.1 want: ^2.2.0
180 silly placeDep ROOT dom-serializer@1.4.1 OK for: domutils@2.8.0 want: ^1.0.1
181 silly placeDep ROOT entities@2.2.0 OK for: dom-serializer@1.4.1 want: ^2.0.0
182 silly placeDep node_modules/del glob@7.2.3 OK for: rimraf@2.7.1 want: ^7.1.3
183 silly placeDep ROOT fs.realpath@1.0.0 OK for: glob@7.2.3 want: ^1.0.0
184 silly placeDep ROOT inflight@1.0.6 OK for: glob@7.2.3 want: ^1.0.4
185 silly placeDep node_modules/del minimatch@3.1.2 OK for: glob@7.2.3 want: ^3.1.1
186 silly placeDep ROOT once@1.4.0 OK for: glob@7.2.3 want: ^1.3.0
187 silly placeDep ROOT path-is-absolute@1.0.1 OK for: glob@7.2.3 want: ^1.0.0
188 silly fetch manifest wrappy@1
189 silly fetch manifest brace-expansion@^1.1.7
190 http fetch GET 200 https://registry.yarnpkg.com/brace-expansion 628ms (cache revalidated)
191 http fetch GET 200 https://registry.yarnpkg.com/wrappy 656ms (cache miss)
192 silly placeDep ROOT wrappy@1.0.2 OK for: inflight@1.0.6 want: 1
193 silly placeDep node_modules/del brace-expansion@1.1.11 OK for: minimatch@3.1.2 want: ^1.1.7
194 silly fetch manifest concat-map@0.0.1
195 http fetch GET 200 https://registry.yarnpkg.com/concat-map 54ms (cache revalidated)
196 silly placeDep ROOT concat-map@0.0.1 OK for: brace-expansion@1.1.11 want: 0.0.1
197 silly placeDep node_modules/globby minimatch@3.1.2 OK for: glob@7.2.3 want: ^3.1.1
198 silly placeDep node_modules/globby brace-expansion@1.1.11 OK for: minimatch@3.1.2 want: ^1.1.7
199 silly placeDep node_modules/renderkid ansi-regex@5.0.1 OK for: strip-ansi@6.0.1 want: ^5.0.1
200 silly reify moves {}
201 silly audit bulk request {
201 silly audit   '@ampproject/remapping': [ '2.3.0' ],
201 silly audit   '@babel/code-frame': [ '7.24.6' ],
201 silly audit   '@babel/compat-data': [ '7.24.6' ],
201 silly audit   '@babel/core': [ '7.24.6' ],
201 silly audit   '@babel/generator': [ '7.24.6' ],
201 silly audit   '@babel/helper-annotate-as-pure': [ '7.24.6' ],
201 silly audit   '@babel/helper-builder-binary-assignment-operator-visitor': [ '7.24.6' ],
201 silly audit   '@babel/helper-compilation-targets': [ '7.24.6' ],
201 silly audit   '@babel/helper-create-class-features-plugin': [ '7.24.6' ],
201 silly audit   '@babel/helper-create-regexp-features-plugin': [ '7.24.6' ],
201 silly audit   '@babel/helper-define-polyfill-provider': [ '0.6.2' ],
201 silly audit   '@babel/helper-environment-visitor': [ '7.24.6' ],
201 silly audit   '@babel/helper-function-name': [ '7.24.6' ],
201 silly audit   '@babel/helper-hoist-variables': [ '7.24.6' ],
201 silly audit   '@babel/helper-member-expression-to-functions': [ '7.24.6' ],
201 silly audit   '@babel/helper-module-imports': [ '7.24.6' ],
201 silly audit   '@babel/helper-module-transforms': [ '7.24.6' ],
201 silly audit   '@babel/helper-optimise-call-expression': [ '7.24.6' ],
201 silly audit   '@babel/helper-plugin-utils': [ '7.24.6' ],
201 silly audit   '@babel/helper-remap-async-to-generator': [ '7.24.6' ],
201 silly audit   '@babel/helper-replace-supers': [ '7.24.6' ],
201 silly audit   '@babel/helper-simple-access': [ '7.24.6' ],
201 silly audit   '@babel/helper-skip-transparent-expression-wrappers': [ '7.24.6' ],
201 silly audit   '@babel/helper-split-export-declaration': [ '7.24.6' ],
201 silly audit   '@babel/helper-string-parser': [ '7.24.6' ],
201 silly audit   '@babel/helper-validator-identifier': [ '7.24.6' ],
201 silly audit   '@babel/helper-validator-option': [ '7.24.6' ],
201 silly audit   '@babel/helper-wrap-function': [ '7.24.6' ],
201 silly audit   '@babel/helpers': [ '7.24.6' ],
201 silly audit   '@babel/highlight': [ '7.24.6' ],
201 silly audit   '@babel/parser': [ '7.24.6' ],
201 silly audit   '@babel/plugin-bugfix-firefox-class-in-computed-class-key': [ '7.24.6' ],
201 silly audit   '@babel/plugin-bugfix-safari-id-destructuring-collision-in-function-expression': [ '7.24.6' ],
201 silly audit   '@babel/plugin-bugfix-v8-spread-parameters-in-optional-chaining': [ '7.24.6' ],
201 silly audit   '@babel/plugin-bugfix-v8-static-class-fields-redefine-readonly': [ '7.24.6' ],
201 silly audit   '@babel/plugin-proposal-private-property-in-object': [ '7.21.0-placeholder-for-preset-env.2' ],
201 silly audit   '@babel/plugin-syntax-async-generators': [ '7.8.4' ],
201 silly audit   '@babel/plugin-syntax-class-properties': [ '7.12.13' ],
201 silly audit   '@babel/plugin-syntax-class-static-block': [ '7.14.5' ],
201 silly audit   '@babel/plugin-syntax-dynamic-import': [ '7.8.3' ],
201 silly audit   '@babel/plugin-syntax-export-namespace-from': [ '7.8.3' ],
201 silly audit   '@babel/plugin-syntax-import-assertions': [ '7.24.6' ],
201 silly audit   '@babel/plugin-syntax-import-attributes': [ '7.24.6' ],
201 silly audit   '@babel/plugin-syntax-import-meta': [ '7.10.4' ],
201 silly audit   '@babel/plugin-syntax-json-strings': [ '7.8.3' ],
201 silly audit   '@babel/plugin-syntax-jsx': [ '7.24.6' ],
201 silly audit   '@babel/plugin-syntax-logical-assignment-operators': [ '7.10.4' ],
201 silly audit   '@babel/plugin-syntax-nullish-coalescing-operator': [ '7.8.3' ],
201 silly audit   '@babel/plugin-syntax-numeric-separator': [ '7.10.4' ],
201 silly audit   '@babel/plugin-syntax-object-rest-spread': [ '7.8.3' ],
201 silly audit   '@babel/plugin-syntax-optional-catch-binding': [ '7.8.3' ],
201 silly audit   '@babel/plugin-syntax-optional-chaining': [ '7.8.3' ],
201 silly audit   '@babel/plugin-syntax-private-property-in-object': [ '7.14.5' ],
201 silly audit   '@babel/plugin-syntax-top-level-await': [ '7.14.5' ],
201 silly audit   '@babel/plugin-syntax-unicode-sets-regex': [ '7.18.6' ],
201 silly audit   '@babel/plugin-transform-arrow-functions': [ '7.24.6' ],
201 silly audit   '@babel/plugin-transform-async-generator-functions': [ '7.24.6' ],
201 silly audit   '@babel/plugin-transform-async-to-generator': [ '7.24.6' ],
201 silly audit   '@babel/plugin-transform-block-scoped-functions': [ '7.24.6' ],
201 silly audit   '@babel/plugin-transform-block-scoping': [ '7.24.6' ],
201 silly audit   '@babel/plugin-transform-class-properties': [ '7.24.6' ],
201 silly audit   '@babel/plugin-transform-class-static-block': [ '7.24.6' ],
201 silly audit   '@babel/plugin-transform-classes': [ '7.24.6' ],
201 silly audit   '@babel/plugin-transform-computed-properties': [ '7.24.6' ],
201 silly audit   '@babel/plugin-transform-destructuring': [ '7.24.6' ],
201 silly audit   '@babel/plugin-transform-dotall-regex': [ '7.24.6' ],
201 silly audit   '@babel/plugin-transform-duplicate-keys': [ '7.24.6' ],
201 silly audit   '@babel/plugin-transform-dynamic-import': [ '7.24.6' ],
201 silly audit   '@babel/plugin-transform-exponentiation-operator': [ '7.24.6' ],
201 silly audit   '@babel/plugin-transform-export-namespace-from': [ '7.24.6' ],
201 silly audit   '@babel/plugin-transform-for-of': [ '7.24.6' ],
201 silly audit   '@babel/plugin-transform-function-name': [ '7.24.6' ],
201 silly audit   '@babel/plugin-transform-json-strings': [ '7.24.6' ],
201 silly audit   '@babel/plugin-transform-literals': [ '7.24.6' ],
201 silly audit   '@babel/plugin-transform-logical-assignment-operators': [ '7.24.6' ],
201 silly audit   '@babel/plugin-transform-member-expression-literals': [ '7.24.6' ],
201 silly audit   '@babel/plugin-transform-modules-amd': [ '7.24.6' ],
201 silly audit   '@babel/plugin-transform-modules-commonjs': [ '7.24.6' ],
201 silly audit   '@babel/plugin-transform-modules-systemjs': [ '7.24.6' ],
201 silly audit   '@babel/plugin-transform-modules-umd': [ '7.24.6' ],
201 silly audit   '@babel/plugin-transform-named-capturing-groups-regex': [ '7.24.6' ],
201 silly audit   '@babel/plugin-transform-new-target': [ '7.24.6' ],
201 silly audit   '@babel/plugin-transform-nullish-coalescing-operator': [ '7.24.6' ],
201 silly audit   '@babel/plugin-transform-numeric-separator': [ '7.24.6' ],
201 silly audit   '@babel/plugin-transform-object-rest-spread': [ '7.24.6' ],
201 silly audit   '@babel/plugin-transform-object-super': [ '7.24.6' ],
201 silly audit   '@babel/plugin-transform-optional-catch-binding': [ '7.24.6' ],
201 silly audit   '@babel/plugin-transform-optional-chaining': [ '7.24.6' ],
201 silly audit   '@babel/plugin-transform-parameters': [ '7.24.6' ],
201 silly audit   '@babel/plugin-transform-private-methods': [ '7.24.6' ],
201 silly audit   '@babel/plugin-transform-private-property-in-object': [ '7.24.6' ],
201 silly audit   '@babel/plugin-transform-property-literals': [ '7.24.6' ],
201 silly audit   '@babel/plugin-transform-react-display-name': [ '7.24.6' ],
201 silly audit   '@babel/plugin-transform-react-jsx': [ '7.24.6' ],
201 silly audit   '@babel/plugin-transform-react-jsx-development': [ '7.24.6' ],
201 silly audit   '@babel/plugin-transform-react-pure-annotations': [ '7.24.6' ],
201 silly audit   '@babel/plugin-transform-regenerator': [ '7.24.6' ],
201 silly audit   '@babel/plugin-transform-reserved-words': [ '7.24.6' ],
201 silly audit   '@babel/plugin-transform-shorthand-properties': [ '7.24.6' ],
201 silly audit   '@babel/plugin-transform-spread': [ '7.24.6' ],
201 silly audit   '@babel/plugin-transform-sticky-regex': [ '7.24.6' ],
201 silly audit   '@babel/plugin-transform-template-literals': [ '7.24.6' ],
201 silly audit   '@babel/plugin-transform-typeof-symbol': [ '7.24.6' ],
201 silly audit   '@babel/plugin-transform-unicode-escapes': [ '7.24.6' ],
201 silly audit   '@babel/plugin-transform-unicode-property-regex': [ '7.24.6' ],
201 silly audit   '@babel/plugin-transform-unicode-regex': [ '7.24.6' ],
201 silly audit   '@babel/plugin-transform-unicode-sets-regex': [ '7.24.6' ],
201 silly audit   '@babel/preset-env': [ '7.24.6' ],
201 silly audit   '@babel/preset-modules': [ '0.1.6-no-external-plugins' ],
201 silly audit   '@babel/preset-react': [ '7.24.6' ],
201 silly audit   '@babel/regjsgen': [ '0.8.0' ],
201 silly audit   '@babel/runtime': [ '7.24.6' ],
201 silly audit   '@babel/template': [ '7.24.6' ],
201 silly audit   '@babel/traverse': [ '7.24.6' ],
201 silly audit   '@babel/types': [ '7.24.6' ],
201 silly audit   '@discoveryjs/json-ext': [ '0.5.7' ],
201 silly audit   '@isaacs/cliui': [ '8.0.2' ],
201 silly audit   '@jridgewell/gen-mapping': [ '0.3.5' ],
201 silly audit   '@jridgewell/resolve-uri': [ '3.1.2' ],
201 silly audit   '@jridgewell/set-array': [ '1.2.1' ],
201 silly audit   '@jridgewell/source-map': [ '0.3.6' ],
201 silly audit   '@jridgewell/sourcemap-codec': [ '1.4.15' ],
201 silly audit   '@jridgewell/trace-mapping': [ '0.3.25' ],
201 silly audit   '@jsonjoy.com/base64': [ '1.1.2' ],
201 silly audit   '@jsonjoy.com/json-pack': [ '1.0.4' ],
201 silly audit   '@jsonjoy.com/util': [ '1.1.3' ],
201 silly audit   '@leichtgewicht/ip-codec': [ '2.0.5' ],
201 silly audit   '@pkgjs/parseargs': [ '0.11.0' ],
201 silly audit   '@types/body-parser': [ '1.19.5' ],
201 silly audit   '@types/bonjour': [ '3.5.13' ],
201 silly audit   '@types/connect': [ '3.4.38' ],
201 silly audit   '@types/connect-history-api-fallback': [ '1.5.4' ],
201 silly audit   '@types/eslint': [ '8.56.10' ],
201 silly audit   '@types/eslint-scope': [ '3.7.7' ],
201 silly audit   '@types/estree': [ '1.0.5' ],
201 silly audit   '@types/express': [ '4.17.21' ],
201 silly audit   '@types/express-serve-static-core': [ '4.19.3' ],
201 silly audit   '@types/http-errors': [ '2.0.4' ],
201 silly audit   '@types/http-proxy': [ '1.17.14' ],
201 silly audit   '@types/json-schema': [ '7.0.15' ],
201 silly audit   '@types/mime': [ '1.3.5' ],
201 silly audit   '@types/node': [ '20.14.1' ],
201 silly audit   '@types/node-forge': [ '1.3.11' ],
201 silly audit   '@types/qs': [ '6.9.15' ],
201 silly audit   '@types/range-parser': [ '1.2.7' ],
201 silly audit   '@types/retry': [ '0.12.2' ],
201 silly audit   '@types/send': [ '0.17.4' ],
201 silly audit   '@types/serve-index': [ '1.9.4' ],
201 silly audit   '@types/serve-static': [ '1.15.7' ],
201 silly audit   '@types/sockjs': [ '0.3.36' ],
201 silly audit   '@types/ws': [ '8.5.10' ],
201 silly audit   '@webassemblyjs/ast': [ '1.12.1' ],
201 silly audit   '@webassemblyjs/floating-point-hex-parser': [ '1.11.6' ],
201 silly audit   '@webassemblyjs/helper-api-error': [ '1.11.6' ],
201 silly audit   '@webassemblyjs/helper-buffer': [ '1.12.1' ],
201 silly audit   '@webassemblyjs/helper-numbers': [ '1.11.6' ],
201 silly audit   '@webassemblyjs/helper-wasm-bytecode': [ '1.11.6' ],
201 silly audit   '@webassemblyjs/helper-wasm-section': [ '1.12.1' ],
201 silly audit   '@webassemblyjs/ieee754': [ '1.11.6' ],
201 silly audit   '@webassemblyjs/leb128': [ '1.11.6' ],
201 silly audit   '@webassemblyjs/utf8': [ '1.11.6' ],
201 silly audit   '@webassemblyjs/wasm-edit': [ '1.12.1' ],
201 silly audit   '@webassemblyjs/wasm-gen': [ '1.12.1' ],
201 silly audit   '@webassemblyjs/wasm-opt': [ '1.12.1' ],
201 silly audit   '@webassemblyjs/wasm-parser': [ '1.12.1' ],
201 silly audit   '@webassemblyjs/wast-printer': [ '1.12.1' ],
201 silly audit   '@webpack-cli/configtest': [ '2.1.1' ],
201 silly audit   '@webpack-cli/info': [ '2.0.2' ],
201 silly audit   '@webpack-cli/serve': [ '2.0.5' ],
201 silly audit   '@xtuc/ieee754': [ '1.2.0' ],
201 silly audit   '@xtuc/long': [ '4.2.2' ],
201 silly audit   accepts: [ '1.3.8' ],
201 silly audit   acorn: [ '8.11.3' ],
201 silly audit   'acorn-import-assertions': [ '1.9.0' ],
201 silly audit   ajv: [ '8.16.0', '6.12.6' ],
201 silly audit   'ajv-formats': [ '2.1.1' ],
201 silly audit   'ajv-keywords': [ '5.1.0', '3.5.2' ],
201 silly audit   'ansi-html-community': [ '0.0.8' ],
201 silly audit   'ansi-regex': [ '6.0.1', '5.0.1' ],
201 silly audit   'ansi-styles': [ '3.2.1', '4.3.0', '6.2.1' ],
201 silly audit   anymatch: [ '3.1.3' ],
201 silly audit   'array-flatten': [ '1.1.1' ],
201 silly audit   assert: [ '2.1.0' ],
201 silly audit   'available-typed-arrays': [ '1.0.7' ],
201 silly audit   'babel-loader': [ '9.1.3' ],
201 silly audit   'babel-plugin-polyfill-corejs2': [ '0.4.11' ],
201 silly audit   'babel-plugin-polyfill-corejs3': [ '0.10.4' ],
201 silly audit   'babel-plugin-polyfill-regenerator': [ '0.6.2' ],
201 silly audit   'balanced-match': [ '1.0.2' ],
201 silly audit   'base64-js': [ '1.5.1' ],
201 silly audit   batch: [ '0.6.1' ],
201 silly audit   'bignumber.js': [ '9.0.0' ],
201 silly audit   'binary-extensions': [ '2.3.0' ],
201 silly audit   'body-parser': [ '1.20.2' ],
201 silly audit   bytes: [ '3.1.2', '3.0.0' ],
201 silly audit   debug: [ '2.6.9', '4.3.5' ],
201 silly audit   ms: [ '2.0.0', '2.1.2', '2.1.3' ],
201 silly audit   'bonjour-service': [ '1.2.1' ],
201 silly audit   'brace-expansion': [ '2.0.1', '1.1.11' ],
201 silly audit   braces: [ '3.0.3' ],
201 silly audit   browserslist: [ '4.23.0' ],
201 silly audit   buffer: [ '6.0.3' ],
201 silly audit   'buffer-from': [ '1.1.2' ],
201 silly audit   'bundle-name': [ '4.1.0' ],
201 silly audit   'call-bind': [ '1.0.7' ],
201 silly audit   'caniuse-lite': [ '1.0.30001628' ],
201 silly audit   chalk: [ '2.4.2' ],
201 silly audit   chokidar: [ '3.6.0' ],
201 silly audit   'chrome-trace-event': [ '1.0.4' ],
201 silly audit   'clone-deep': [ '4.0.1' ],
201 silly audit   'color-convert': [ '1.9.3', '2.0.1' ],
201 silly audit   'color-name': [ '1.1.3', '1.1.4' ],
201 silly audit   colorette: [ '2.0.20' ],
201 silly audit   commander: [ '2.20.3', '10.0.1', '8.3.0' ],
201 silly audit   'common-path-prefix': [ '3.0.0' ],
201 silly audit   compressible: [ '2.0.18' ],
201 silly audit   compression: [ '1.7.4' ],
201 silly audit   'safe-buffer': [ '5.1.2', '5.2.1' ],
201 silly audit   'connect-history-api-fallback': [ '2.0.0' ],
201 silly audit   'content-disposition': [ '0.5.4' ],
201 silly audit   'content-type': [ '1.0.5' ],
201 silly audit   'convert-source-map': [ '2.0.0' ],
201 silly audit   cookie: [ '0.6.0' ],
201 silly audit   'cookie-signature': [ '1.0.6' ],
201 silly audit   'core-js-compat': [ '3.37.1' ],
201 silly audit   'core-util-is': [ '1.0.3' ],
201 silly audit   'cross-spawn': [ '7.0.3' ],
201 silly audit   'default-browser': [ '5.2.1' ],
201 silly audit   'default-browser-id': [ '5.0.0' ],
201 silly audit   'default-gateway': [ '6.0.3' ],
201 silly audit   'define-data-property': [ '1.1.4' ],
201 silly audit   'define-lazy-prop': [ '3.0.0' ],
201 silly audit   'define-properties': [ '1.2.1' ],
201 silly audit   depd: [ '2.0.0', '1.1.2' ],
201 silly audit   destroy: [ '1.2.0' ],
201 silly audit   'detect-node': [ '2.1.0' ],
201 silly audit   'dns-packet': [ '5.6.1' ],
201 silly audit   eastasianwidth: [ '0.2.0' ],
201 silly audit   'ee-first': [ '1.1.1' ],
201 silly audit   'electron-to-chromium': [ '1.4.790' ],
201 silly audit   'emoji-regex': [ '9.2.2', '8.0.0' ],
201 silly audit   encodeurl: [ '1.0.2' ],
201 silly audit   'enhanced-resolve': [ '5.17.0' ],
201 silly audit   envinfo: [ '7.13.0' ],
201 silly audit   'es-define-property': [ '1.0.0' ],
201 silly audit   'es-errors': [ '1.3.0' ],
201 silly audit   'es-module-lexer': [ '1.5.3' ],
201 silly audit   escalade: [ '3.1.2' ],
201 silly audit   'escape-html': [ '1.0.3' ],
201 silly audit   'escape-string-regexp': [ '1.0.5' ],
201 silly audit   'eslint-scope': [ '5.1.1' ],
201 silly audit   esrecurse: [ '4.3.0' ],
201 silly audit   estraverse: [ '5.3.0', '4.3.0' ],
201 silly audit   esutils: [ '2.0.3' ],
201 silly audit   etag: [ '1.8.1' ],
201 silly audit   eventemitter3: [ '4.0.7' ],
201 silly audit   events: [ '3.3.0' ],
201 silly audit   execa: [ '5.1.1' ],
201 silly audit   express: [ '4.19.2' ],
201 silly audit   'fast-deep-equal': [ '3.1.3' ],
201 silly audit   'fast-json-stable-stringify': [ '2.1.0' ],
201 silly audit   'fastest-levenshtein': [ '1.0.16' ],
201 silly audit   'faye-websocket': [ '0.11.4' ],
201 silly audit   'fill-range': [ '7.1.1' ],
201 silly audit   finalhandler: [ '1.2.0' ],
201 silly audit   'find-cache-dir': [ '4.0.0' ],
201 silly audit   'find-up': [ '6.3.0', '4.1.0' ],
201 silly audit   flat: [ '5.0.2' ],
201 silly audit   'follow-redirects': [ '1.15.6' ],
201 silly audit   'for-each': [ '0.3.3' ],
201 silly audit   'foreground-child': [ '3.1.1' ],
201 silly audit   'signal-exit': [ '4.1.0', '3.0.7' ],
201 silly audit   forwarded: [ '0.2.0' ],
201 silly audit   fresh: [ '0.5.2' ],
201 silly audit   fsevents: [ '2.3.3' ],
201 silly audit   'function-bind': [ '1.1.2' ],
201 silly audit   gensync: [ '1.0.0-beta.2' ],
201 silly audit   'get-intrinsic': [ '1.2.4' ],
201 silly audit   'get-stream': [ '6.0.1' ],
201 silly audit   glob: [ '10.4.1', '7.2.3' ],
201 silly audit   'glob-parent': [ '5.1.2' ],
201 silly audit   'glob-to-regexp': [ '0.4.1' ],
201 silly audit   globals: [ '11.12.0' ],
201 silly audit   gopd: [ '1.0.1' ],
201 silly audit   'graceful-fs': [ '4.2.11' ],
201 silly audit   'handle-thing': [ '2.0.1' ],
201 silly audit   'has-flag': [ '3.0.0', '4.0.0' ],
201 silly audit   'has-property-descriptors': [ '1.0.2' ],
201 silly audit   'has-proto': [ '1.0.3' ],
201 silly audit   'has-symbols': [ '1.0.3' ],
201 silly audit   'has-tostringtag': [ '1.0.2' ],
201 silly audit   hasown: [ '2.0.2' ],
201 silly audit   'hpack.js': [ '2.1.6' ],
201 silly audit   'readable-stream': [ '2.3.8', '2.3.7', '3.6.2' ],
201 silly audit   string_decoder: [ '1.1.1', '1.3.0' ],
201 silly audit   'html-entities': [ '2.5.2' ],
201 silly audit   'http-deceiver': [ '1.2.7' ],
201 silly audit   'http-errors': [ '2.0.0', '1.6.3' ],
201 silly audit   'http-parser-js': [ '0.5.8' ],
201 silly audit   'http-proxy': [ '1.18.1' ],
201 silly audit   'http-proxy-middleware': [ '2.0.6' ],
201 silly audit   'human-signals': [ '2.1.0' ],
201 silly audit   hyperdyperid: [ '1.2.0' ],
201 silly audit   'iconv-lite': [ '0.4.24' ],
201 silly audit   ieee754: [ '1.2.1' ],
201 silly audit   'import-local': [ '3.1.0' ],
201 silly audit   'locate-path': [ '5.0.0', '7.2.0' ],
201 silly audit   'p-limit': [ '2.3.0', '4.0.0' ],
201 silly audit   'p-locate': [ '4.1.0', '6.0.0' ],
201 silly audit   'path-exists': [ '4.0.0', '5.0.0' ],
201 silly audit   'pkg-dir': [ '4.2.0', '7.0.0' ],
201 silly audit   inherits: [ '2.0.4', '2.0.3' ],
201 silly audit   interpret: [ '3.1.1' ],
201 silly audit   'ipaddr.js': [ '2.2.0', '1.9.1' ],
201 silly audit   'is-arguments': [ '1.1.1' ],
201 silly audit   'is-binary-path': [ '2.1.0' ],
201 silly audit   'is-callable': [ '1.2.7' ],
201 silly audit   'is-core-module': [ '2.13.1' ],
201 silly audit   'is-docker': [ '3.0.0' ],
201 silly audit   'is-extglob': [ '2.1.1' ],
201 silly audit   'is-fullwidth-code-point': [ '3.0.0' ],
201 silly audit   'is-generator-function': [ '1.0.10' ],
201 silly audit   'is-glob': [ '4.0.3' ],
201 silly audit   'is-inside-container': [ '1.0.0' ],
201 silly audit   'is-nan': [ '1.3.2' ],
201 silly audit   'is-network-error': [ '1.1.0' ],
201 silly audit   'is-number': [ '7.0.0' ],
201 silly audit   'is-plain-obj': [ '3.0.0' ],
201 silly audit   'is-plain-object': [ '2.0.4' ],
201 silly audit   'is-stream': [ '2.0.1' ],
201 silly audit   'is-typed-array': [ '1.1.13' ],
201 silly audit   'is-wsl': [ '3.1.0' ],
201 silly audit   isarray: [ '1.0.0' ],
201 silly audit   isexe: [ '2.0.0' ],
201 silly audit   isobject: [ '3.0.1' ],
201 silly audit   jackspeak: [ '3.3.0' ],
201 silly audit   'jest-worker': [ '27.5.1' ],
201 silly audit   'supports-color': [ '8.1.1', '5.5.0' ],
201 silly audit   'js-tokens': [ '4.0.0' ],
201 silly audit   jsesc: [ '2.5.2', '0.5.0' ],
201 silly audit   'json-parse-even-better-errors': [ '2.3.1' ],
201 silly audit   'json-schema-traverse': [ '1.0.0', '0.4.1' ],
201 silly audit   json5: [ '2.2.3' ],
201 silly audit   'kind-of': [ '6.0.3' ],
201 silly audit   'launch-editor': [ '2.6.1' ],
201 silly audit   'loader-runner': [ '4.3.0' ],
201 silly audit   'lodash.debounce': [ '4.0.8' ],
201 silly audit   'loose-envify': [ '1.4.0' ],
201 silly audit   'lru-cache': [ '5.1.1', '10.2.2' ],
201 silly audit   'media-typer': [ '0.3.0' ],
201 silly audit   memfs: [ '4.9.2' ],
201 silly audit   'merge-descriptors': [ '1.0.1' ],
201 silly audit   'merge-stream': [ '2.0.0' ],
201 silly audit   methods: [ '1.1.2' ],
201 silly audit   micromatch: [ '4.0.7' ],
201 silly audit   mime: [ '1.6.0' ],
201 silly audit   'mime-db': [ '1.52.0' ],
201 silly audit   'mime-types': [ '2.1.35' ],
201 silly audit   'mimic-fn': [ '2.1.0' ],
201 silly audit   'minimalistic-assert': [ '1.0.1' ],
201 silly audit   minimatch: [ '9.0.4', '3.1.2' ],
201 silly audit   minipass: [ '7.1.2' ],
201 silly audit   'multicast-dns': [ '7.2.5' ],
201 silly audit   mysql: [ '2.18.1' ],
201 silly audit   negotiator: [ '0.6.3' ],
201 silly audit   'neo-async': [ '2.6.2' ],
201 silly audit   'node-forge': [ '1.3.1' ],
201 silly audit   'node-releases': [ '2.0.14' ],
201 silly audit   'normalize-path': [ '3.0.0' ],
201 silly audit   'npm-run-path': [ '4.0.1' ],
201 silly audit   'object-inspect': [ '1.13.1' ],
201 silly audit   'object-is': [ '1.1.6' ],
201 silly audit   'object-keys': [ '1.1.1' ],
201 silly audit   'object.assign': [ '4.1.5' ],
201 silly audit   obuf: [ '1.1.2' ],
201 silly audit   'on-finished': [ '2.4.1' ],
201 silly audit   'on-headers': [ '1.0.2' ],
201 silly audit   onetime: [ '5.1.2' ],
201 silly audit   open: [ '10.1.0' ],
201 silly audit   'p-retry': [ '6.2.0' ],
201 silly audit   'p-try': [ '2.2.0' ],
201 silly audit   parseurl: [ '1.3.3' ],
201 silly audit   'path-key': [ '3.1.1' ],
201 silly audit   'path-parse': [ '1.0.7' ],
201 silly audit   'path-scurry': [ '1.11.1' ],
201 silly audit   'path-to-regexp': [ '0.1.7' ],
201 silly audit   picocolors: [ '1.0.1' ],
201 silly audit   picomatch: [ '2.3.1' ],
201 silly audit   'possible-typed-array-names': [ '1.0.0' ],
201 silly audit   'process-nextick-args': [ '2.0.1' ],
201 silly audit   'proxy-addr': [ '2.0.7' ],
201 silly audit   punycode: [ '2.3.1', '1.4.1' ],
201 silly audit   qs: [ '6.11.0', '6.12.1' ],
201 silly audit   randombytes: [ '2.1.0' ],
201 silly audit   'range-parser': [ '1.2.1' ],
201 silly audit   'raw-body': [ '2.5.2' ],
201 silly audit   react: [ '18.3.1' ],
201 silly audit   'react-dom': [ '18.3.1' ],
201 silly audit   readdirp: [ '3.6.0' ],
201 silly audit   rechoir: [ '0.8.0' ],
201 silly audit   regenerate: [ '1.4.2' ],
201 silly audit   'regenerate-unicode-properties': [ '10.1.1' ],
201 silly audit   'regenerator-runtime': [ '0.14.1' ],
201 silly audit   'regenerator-transform': [ '0.15.2' ],
201 silly audit   'regexpu-core': [ '5.3.2' ],
201 silly audit   regjsparser: [ '0.9.1' ],
201 silly audit   'require-from-string': [ '2.0.2' ],
201 silly audit   'requires-port': [ '1.0.0' ],
201 silly audit   resolve: [ '1.22.8' ],
201 silly audit   'resolve-cwd': [ '3.0.0' ],
201 silly audit   'resolve-from': [ '5.0.0' ],
201 silly audit   retry: [ '0.13.1' ],
201 silly audit   rimraf: [ '5.0.7', '2.7.1' ],
201 silly audit   'run-applescript': [ '7.0.0' ],
201 silly audit   'safer-buffer': [ '2.1.2' ],
201 silly audit   scheduler: [ '0.23.2' ],
201 silly audit   'schema-utils': [ '4.2.0', '3.3.0' ],
201 silly audit   'select-hose': [ '2.0.0' ],
201 silly audit   selfsigned: [ '2.4.1' ],
201 silly audit   semver: [ '6.3.1' ],
201 silly audit   send: [ '0.18.0' ],
201 silly audit   'serialize-javascript': [ '6.0.2' ],
201 silly audit   'serve-index': [ '1.9.1' ],
201 silly audit   setprototypeof: [ '1.1.0', '1.2.0' ],
201 silly audit   statuses: [ '1.5.0', '2.0.1' ],
201 silly audit   'serve-static': [ '1.15.0' ],
201 silly audit   'set-function-length': [ '1.2.2' ],
201 silly audit   'shallow-clone': [ '3.0.1' ],
201 silly audit   'shebang-command': [ '2.0.0' ],
201 silly audit   'shebang-regex': [ '3.0.0' ],
201 silly audit   'shell-quote': [ '1.8.1' ],
201 silly audit   'side-channel': [ '1.0.6' ],
201 silly audit   sockjs: [ '0.3.24' ],
201 silly audit   'sonic-forest': [ '1.0.3' ],
201 silly audit   'source-map': [ '0.6.1' ],
201 silly audit   'source-map-support': [ '0.5.21' ],
201 silly audit   spdy: [ '4.0.2' ],
201 silly audit   'spdy-transport': [ '3.0.0' ],
201 silly audit   sqlstring: [ '2.3.1' ],
201 silly audit   'stream-browserify': [ '3.0.0' ],
201 silly audit   'string-width': [ '5.1.2', '4.2.3' ],
201 silly audit   'strip-ansi': [ '6.0.1', '7.1.0' ],
201 silly audit   'strip-final-newline': [ '2.0.0' ],
201 silly audit   'supports-preserve-symlinks-flag': [ '1.0.0' ],
201 silly audit   tapable: [ '2.2.1' ],
201 silly audit   terser: [ '5.31.0' ],
201 silly audit   'terser-webpack-plugin': [ '5.3.10' ],
201 silly audit   thingies: [ '1.21.0' ],
201 silly audit   thunky: [ '1.1.0' ],
201 silly audit   'to-fast-properties': [ '2.0.0' ],
201 silly audit   'to-regex-range': [ '5.0.1' ],
201 silly audit   toidentifier: [ '1.0.1' ],
201 silly audit   'tree-dump': [ '1.0.1' ],
201 silly audit   tslib: [ '2.6.3' ],
201 silly audit   'type-is': [ '1.6.18' ],
201 silly audit   'undici-types': [ '5.26.5' ],
201 silly audit   'unicode-canonical-property-names-ecmascript': [ '2.0.0' ],
201 silly audit   'unicode-match-property-ecmascript': [ '2.0.0' ],
201 silly audit   'unicode-match-property-value-ecmascript': [ '2.1.0' ],
201 silly audit   'unicode-property-aliases-ecmascript': [ '2.1.0' ],
201 silly audit   unpipe: [ '1.0.0' ],
201 silly audit   'update-browserslist-db': [ '1.0.16' ],
201 silly audit   'uri-js': [ '4.4.1' ],
201 silly audit   url: [ '0.11.3' ],
201 silly audit   util: [ '0.12.5' ],
201 silly audit   'util-deprecate': [ '1.0.2' ],
201 silly audit   'utils-merge': [ '1.0.1' ],
201 silly audit   uuid: [ '8.3.2' ],
201 silly audit   vary: [ '1.1.2' ],
201 silly audit   watchpack: [ '2.4.1' ],
201 silly audit   wbuf: [ '1.7.3' ],
201 silly audit   webpack: [ '5.91.0' ],
201 silly audit   'webpack-cli': [ '5.1.4' ],
201 silly audit   'webpack-dev-middleware': [ '7.2.1' ],
201 silly audit   'webpack-dev-server': [ '5.0.4' ],
201 silly audit   'webpack-hot-middleware': [ '2.26.1' ],
201 silly audit   'webpack-merge': [ '5.10.0' ],
201 silly audit   'webpack-sources': [ '3.2.3' ],
201 silly audit   'websocket-driver': [ '0.7.4' ],
201 silly audit   'websocket-extensions': [ '0.1.4' ],
201 silly audit   which: [ '2.0.2' ],
201 silly audit   'which-typed-array': [ '1.1.15' ],
201 silly audit   wildcard: [ '2.0.1' ],
201 silly audit   'wrap-ansi': [ '8.1.0', '7.0.0' ],
201 silly audit   ws: [ '8.17.0' ],
201 silly audit   yallist: [ '3.1.1' ],
201 silly audit   'yocto-queue': [ '1.0.0' ],
201 silly audit   'clean-webpack-plugin': [ '4.0.0' ],
201 silly audit   'html-webpack-plugin': [ '5.6.0' ],
201 silly audit   del: [ '4.1.1' ],
201 silly audit   '@types/glob': [ '7.2.0' ],
201 silly audit   globby: [ '6.1.0' ],
201 silly audit   'is-path-cwd': [ '2.2.0' ],
201 silly audit   'is-path-in-cwd': [ '2.1.0' ],
201 silly audit   'p-map': [ '2.1.0' ],
201 silly audit   pify: [ '4.0.1', '2.3.0' ],
201 silly audit   '@types/minimatch': [ '5.1.2' ],
201 silly audit   'array-union': [ '1.0.2' ],
201 silly audit   'object-assign': [ '4.1.1' ],
201 silly audit   'pinkie-promise': [ '2.0.1' ],
201 silly audit   'array-uniq': [ '1.0.3' ],
201 silly audit   '@types/html-minifier-terser': [ '6.1.0' ],
201 silly audit   'html-minifier-terser': [ '6.1.0' ],
201 silly audit   lodash: [ '4.17.21' ],
201 silly audit   'pretty-error': [ '4.0.0' ],
201 silly audit   'camel-case': [ '4.1.2' ],
201 silly audit   'clean-css': [ '5.3.3' ],
201 silly audit   he: [ '1.2.0' ],
201 silly audit   'param-case': [ '3.0.4' ],
201 silly audit   relateurl: [ '0.2.7' ],
201 silly audit   'pascal-case': [ '3.1.2' ],
201 silly audit   'is-path-inside': [ '2.1.0' ],
201 silly audit   'path-is-inside': [ '1.0.2' ],
201 silly audit   'dot-case': [ '3.0.4' ],
201 silly audit   'no-case': [ '3.0.4' ],
201 silly audit   'lower-case': [ '2.0.2' ],
201 silly audit   pinkie: [ '2.0.4' ],
201 silly audit   renderkid: [ '3.0.0' ],
201 silly audit   'css-select': [ '4.3.0' ],
201 silly audit   'dom-converter': [ '0.2.0' ],
201 silly audit   htmlparser2: [ '6.1.0' ],
201 silly audit   boolbase: [ '1.0.0' ],
201 silly audit   'css-what': [ '6.1.0' ],
201 silly audit   domhandler: [ '4.3.1' ],
201 silly audit   domutils: [ '2.8.0' ],
201 silly audit   'nth-check': [ '2.1.1' ],
201 silly audit   utila: [ '0.4.0' ],
201 silly audit   domelementtype: [ '2.3.0' ],
201 silly audit   'dom-serializer': [ '1.4.1' ],
201 silly audit   entities: [ '2.2.0' ],
201 silly audit   'fs.realpath': [ '1.0.0' ],
201 silly audit   inflight: [ '1.0.6' ],
201 silly audit   once: [ '1.4.0' ],
201 silly audit   'path-is-absolute': [ '1.0.1' ],
201 silly audit   wrappy: [ '1.0.2' ],
201 silly audit   'concat-map': [ '0.0.1' ]
201 silly audit }
202 verbose reify failed optional dependency F:\nodejs\htdocs\node_modules\fsevents
203 silly reify mark deleted [ 'F:\\nodejs\\htdocs\\node_modules\\fsevents' ]
204 silly tarball no local data for wrappy@https://registry.yarnpkg.com/wrappy/-/wrappy-1.0.2.tgz. Extracting by manifest.
205 silly tarball no local data for path-is-absolute@https://registry.yarnpkg.com/path-is-absolute/-/path-is-absolute-1.0.1.tgz. Extracting by manifest.
206 silly tarball no local data for inflight@https://registry.yarnpkg.com/inflight/-/inflight-1.0.6.tgz. Extracting by manifest.
207 silly tarball no local data for fs.realpath@https://registry.yarnpkg.com/fs.realpath/-/fs.realpath-1.0.0.tgz. Extracting by manifest.
208 silly tarball no local data for entities@https://registry.yarnpkg.com/entities/-/entities-2.2.0.tgz. Extracting by manifest.
209 silly tarball no local data for once@https://registry.yarnpkg.com/once/-/once-1.4.0.tgz. Extracting by manifest.
210 silly tarball no local data for dom-serializer@https://registry.yarnpkg.com/dom-serializer/-/dom-serializer-1.4.1.tgz. Extracting by manifest.
211 silly tarball no local data for domelementtype@https://registry.yarnpkg.com/domelementtype/-/domelementtype-2.3.0.tgz. Extracting by manifest.
212 silly tarball no local data for utila@https://registry.yarnpkg.com/utila/-/utila-0.4.0.tgz. Extracting by manifest.
213 silly tarball no local data for domutils@https://registry.yarnpkg.com/domutils/-/domutils-2.8.0.tgz. Extracting by manifest.
214 silly tarball no local data for domhandler@https://registry.yarnpkg.com/domhandler/-/domhandler-4.3.1.tgz. Extracting by manifest.
215 silly tarball no local data for boolbase@https://registry.yarnpkg.com/boolbase/-/boolbase-1.0.0.tgz. Extracting by manifest.
216 silly tarball no local data for css-what@https://registry.yarnpkg.com/css-what/-/css-what-6.1.0.tgz. Extracting by manifest.
217 silly tarball no local data for nth-check@https://registry.yarnpkg.com/nth-check/-/nth-check-2.1.1.tgz. Extracting by manifest.
218 silly tarball no local data for htmlparser2@https://registry.yarnpkg.com/htmlparser2/-/htmlparser2-6.1.0.tgz. Extracting by manifest.
219 silly tarball no local data for dom-converter@https://registry.yarnpkg.com/dom-converter/-/dom-converter-0.2.0.tgz. Extracting by manifest.
220 silly tarball no local data for css-select@https://registry.yarnpkg.com/css-select/-/css-select-4.3.0.tgz. Extracting by manifest.
221 silly tarball no local data for pinkie@https://registry.yarnpkg.com/pinkie/-/pinkie-2.0.4.tgz. Extracting by manifest.
222 silly tarball no local data for lower-case@https://registry.yarnpkg.com/lower-case/-/lower-case-2.0.2.tgz. Extracting by manifest.
223 silly tarball no local data for no-case@https://registry.yarnpkg.com/no-case/-/no-case-3.0.4.tgz. Extracting by manifest.
224 silly tarball no local data for renderkid@https://registry.yarnpkg.com/renderkid/-/renderkid-3.0.0.tgz. Extracting by manifest.
225 silly tarball no local data for dot-case@https://registry.yarnpkg.com/dot-case/-/dot-case-3.0.4.tgz. Extracting by manifest.
226 silly tarball no local data for path-is-inside@https://registry.yarnpkg.com/path-is-inside/-/path-is-inside-1.0.2.tgz. Extracting by manifest.
227 silly tarball no local data for is-path-inside@https://registry.yarnpkg.com/is-path-inside/-/is-path-inside-2.1.0.tgz. Extracting by manifest.
228 silly tarball no local data for relateurl@https://registry.yarnpkg.com/relateurl/-/relateurl-0.2.7.tgz. Extracting by manifest.
229 silly tarball no local data for param-case@https://registry.yarnpkg.com/param-case/-/param-case-3.0.4.tgz. Extracting by manifest.
230 silly tarball no local data for he@https://registry.yarnpkg.com/he/-/he-1.2.0.tgz. Extracting by manifest.
231 silly tarball no local data for pascal-case@https://registry.yarnpkg.com/pascal-case/-/pascal-case-3.1.2.tgz. Extracting by manifest.
232 silly tarball no local data for clean-css@https://registry.yarnpkg.com/clean-css/-/clean-css-5.3.3.tgz. Extracting by manifest.
233 silly tarball no local data for camel-case@https://registry.yarnpkg.com/camel-case/-/camel-case-4.1.2.tgz. Extracting by manifest.
234 silly tarball no local data for pretty-error@https://registry.yarnpkg.com/pretty-error/-/pretty-error-4.0.0.tgz. Extracting by manifest.
235 silly tarball no local data for @types/html-minifier-terser@https://registry.yarnpkg.com/@types/html-minifier-terser/-/html-minifier-terser-6.1.0.tgz. Extracting by manifest.
236 silly tarball no local data for html-minifier-terser@https://registry.yarnpkg.com/html-minifier-terser/-/html-minifier-terser-6.1.0.tgz. Extracting by manifest.
237 silly tarball no local data for array-uniq@https://registry.yarnpkg.com/array-uniq/-/array-uniq-1.0.3.tgz. Extracting by manifest.
238 silly tarball no local data for lodash@https://registry.yarnpkg.com/lodash/-/lodash-4.17.21.tgz. Extracting by manifest.
239 silly tarball no local data for pinkie-promise@https://registry.yarnpkg.com/pinkie-promise/-/pinkie-promise-2.0.1.tgz. Extracting by manifest.
240 silly tarball no local data for object-assign@https://registry.yarnpkg.com/object-assign/-/object-assign-4.1.1.tgz. Extracting by manifest.
241 silly tarball no local data for array-union@https://registry.yarnpkg.com/array-union/-/array-union-1.0.2.tgz. Extracting by manifest.
242 silly tarball no local data for pify@https://registry.yarnpkg.com/pify/-/pify-4.0.1.tgz. Extracting by manifest.
243 silly tarball no local data for p-map@https://registry.yarnpkg.com/p-map/-/p-map-2.1.0.tgz. Extracting by manifest.
244 silly tarball no local data for is-path-in-cwd@https://registry.yarnpkg.com/is-path-in-cwd/-/is-path-in-cwd-2.1.0.tgz. Extracting by manifest.
245 silly tarball no local data for @types/minimatch@https://registry.yarnpkg.com/@types/minimatch/-/minimatch-5.1.2.tgz. Extracting by manifest.
246 silly tarball no local data for globby@https://registry.yarnpkg.com/globby/-/globby-6.1.0.tgz. Extracting by manifest.
247 silly tarball no local data for is-path-cwd@https://registry.yarnpkg.com/is-path-cwd/-/is-path-cwd-2.2.0.tgz. Extracting by manifest.
248 silly tarball no local data for @types/glob@https://registry.yarnpkg.com/@types/glob/-/glob-7.2.0.tgz. Extracting by manifest.
249 silly tarball no local data for clean-webpack-plugin@https://registry.yarnpkg.com/clean-webpack-plugin/-/clean-webpack-plugin-4.0.0.tgz. Extracting by manifest.
250 silly tarball no local data for del@https://registry.yarnpkg.com/del/-/del-4.1.1.tgz. Extracting by manifest.
251 silly tarball no local data for html-webpack-plugin@https://registry.yarnpkg.com/html-webpack-plugin/-/html-webpack-plugin-5.6.0.tgz. Extracting by manifest.
252 silly tarball no local data for pify@https://registry.yarnpkg.com/pify/-/pify-2.3.0.tgz. Extracting by manifest.
253 silly tarball no local data for glob@https://registry.yarnpkg.com/glob/-/glob-7.2.3.tgz. Extracting by manifest.
254 silly tarball no local data for commander@https://registry.yarnpkg.com/commander/-/commander-8.3.0.tgz. Extracting by manifest.
255 silly tarball no local data for glob@https://registry.yarnpkg.com/glob/-/glob-7.2.3.tgz. Extracting by manifest.
256 silly tarball no local data for rimraf@https://registry.yarnpkg.com/rimraf/-/rimraf-2.7.1.tgz. Extracting by manifest.
257 http fetch GET 200 https://registry.yarnpkg.com/dom-serializer/-/dom-serializer-1.4.1.tgz 120ms (cache miss)
258 http fetch GET 200 https://registry.yarnpkg.com/domelementtype/-/domelementtype-2.3.0.tgz 121ms (cache miss)
259 http fetch GET 200 https://registry.yarnpkg.com/once/-/once-1.4.0.tgz 122ms (cache miss)
260 http fetch GET 200 https://registry.yarnpkg.com/path-is-absolute/-/path-is-absolute-1.0.1.tgz 128ms (cache miss)
261 http fetch GET 200 https://registry.yarnpkg.com/inflight/-/inflight-1.0.6.tgz 127ms (cache miss)
262 http fetch GET 200 https://registry.yarnpkg.com/domutils/-/domutils-2.8.0.tgz 125ms (cache miss)
263 http fetch GET 200 https://registry.yarnpkg.com/wrappy/-/wrappy-1.0.2.tgz 133ms (cache miss)
264 warn deprecated inflight@1.0.6: This module is not supported, and leaks memory. Do not use it. Check out lru-cache if you want a good and tested way to coalesce async requests by a key value, which is much more comprehensive and powerful.
265 http fetch GET 200 https://registry.yarnpkg.com/dom-converter/-/dom-converter-0.2.0.tgz 136ms (cache miss)
266 http fetch GET 200 https://registry.yarnpkg.com/dot-case/-/dot-case-3.0.4.tgz 140ms (cache miss)
267 http fetch GET 200 https://registry.yarnpkg.com/fs.realpath/-/fs.realpath-1.0.0.tgz 152ms (cache miss)
268 http fetch GET 200 https://registry.yarnpkg.com/pinkie/-/pinkie-2.0.4.tgz 146ms (cache miss)
269 http fetch GET 200 https://registry.yarnpkg.com/path-is-inside/-/path-is-inside-1.0.2.tgz 162ms (cache miss)
270 http fetch POST 200 https://registry.yarnpkg.com/-/npm/v1/security/advisories/bulk 195ms
271 silly audit report {}
272 http fetch GET 200 https://registry.yarnpkg.com/is-path-inside/-/is-path-inside-2.1.0.tgz 173ms (cache miss)
273 http fetch GET 200 https://registry.yarnpkg.com/boolbase/-/boolbase-1.0.0.tgz 181ms (cache miss)
274 http fetch GET 200 https://registry.yarnpkg.com/param-case/-/param-case-3.0.4.tgz 186ms (cache miss)
275 http fetch GET 200 https://registry.yarnpkg.com/relateurl/-/relateurl-0.2.7.tgz 187ms (cache miss)
276 http fetch GET 200 https://registry.yarnpkg.com/array-uniq/-/array-uniq-1.0.3.tgz 190ms (cache miss)
277 http fetch GET 200 https://registry.yarnpkg.com/pinkie-promise/-/pinkie-promise-2.0.1.tgz 195ms (cache miss)
278 http fetch GET 200 https://registry.yarnpkg.com/object-assign/-/object-assign-4.1.1.tgz 200ms (cache miss)
279 http fetch GET 200 https://registry.yarnpkg.com/pify/-/pify-4.0.1.tgz 200ms (cache miss)
280 http fetch GET 200 https://registry.yarnpkg.com/array-union/-/array-union-1.0.2.tgz 201ms (cache miss)
281 http fetch GET 200 https://registry.yarnpkg.com/p-map/-/p-map-2.1.0.tgz 201ms (cache miss)
282 http fetch GET 200 https://registry.yarnpkg.com/@types/html-minifier-terser/-/html-minifier-terser-6.1.0.tgz 204ms (cache miss)
283 http fetch GET 200 https://registry.yarnpkg.com/is-path-in-cwd/-/is-path-in-cwd-2.1.0.tgz 205ms (cache miss)
284 http fetch GET 200 https://registry.yarnpkg.com/is-path-cwd/-/is-path-cwd-2.2.0.tgz 204ms (cache miss)
285 http fetch GET 200 https://registry.yarnpkg.com/he/-/he-1.2.0.tgz 215ms (cache miss)
286 http fetch GET 200 https://registry.yarnpkg.com/pify/-/pify-2.3.0.tgz 210ms (cache miss)
287 http fetch GET 200 https://registry.yarnpkg.com/globby/-/globby-6.1.0.tgz 215ms (cache miss)
288 http fetch GET 200 https://registry.yarnpkg.com/@types/minimatch/-/minimatch-5.1.2.tgz 219ms (cache miss)
289 http fetch GET 200 https://registry.yarnpkg.com/utila/-/utila-0.4.0.tgz 235ms (cache miss)
290 http fetch GET 200 https://registry.yarnpkg.com/domhandler/-/domhandler-4.3.1.tgz 235ms (cache miss)
291 http fetch GET 200 https://registry.yarnpkg.com/del/-/del-4.1.1.tgz 222ms (cache miss)
292 http fetch GET 200 https://registry.yarnpkg.com/lower-case/-/lower-case-2.0.2.tgz 237ms (cache miss)
293 http fetch GET 200 https://registry.yarnpkg.com/no-case/-/no-case-3.0.4.tgz 242ms (cache miss)
294 http fetch GET 200 https://registry.yarnpkg.com/clean-webpack-plugin/-/clean-webpack-plugin-4.0.0.tgz 233ms (cache miss)
295 http fetch GET 200 https://registry.yarnpkg.com/rimraf/-/rimraf-2.7.1.tgz 231ms (cache miss)
296 warn deprecated rimraf@2.7.1: Rimraf versions prior to v4 are no longer supported
297 http fetch GET 200 https://registry.yarnpkg.com/pascal-case/-/pascal-case-3.1.2.tgz 246ms (cache miss)
298 http fetch GET 200 https://registry.yarnpkg.com/entities/-/entities-2.2.0.tgz 258ms (cache miss)
299 http fetch GET 200 https://registry.yarnpkg.com/@types/glob/-/glob-7.2.0.tgz 242ms (cache miss)
300 http fetch GET 200 https://registry.yarnpkg.com/html-minifier-terser/-/html-minifier-terser-6.1.0.tgz 247ms (cache miss)
301 http fetch GET 200 https://registry.yarnpkg.com/glob/-/glob-7.2.3.tgz 241ms (cache miss)
302 warn deprecated glob@7.2.3: Glob versions prior to v9 are no longer supported
303 http fetch GET 200 https://registry.yarnpkg.com/camel-case/-/camel-case-4.1.2.tgz 250ms (cache miss)
304 http fetch GET 200 https://registry.yarnpkg.com/glob/-/glob-7.2.3.tgz 240ms (cache miss)
305 warn deprecated glob@7.2.3: Glob versions prior to v9 are no longer supported
306 http fetch GET 200 https://registry.yarnpkg.com/htmlparser2/-/htmlparser2-6.1.0.tgz 266ms (cache miss)
307 http fetch GET 200 https://registry.yarnpkg.com/html-webpack-plugin/-/html-webpack-plugin-5.6.0.tgz 255ms (cache miss)
308 http fetch GET 200 https://registry.yarnpkg.com/pretty-error/-/pretty-error-4.0.0.tgz 265ms (cache miss)
309 http fetch GET 200 https://registry.yarnpkg.com/commander/-/commander-8.3.0.tgz 260ms (cache miss)
310 http fetch GET 200 https://registry.yarnpkg.com/css-what/-/css-what-6.1.0.tgz 277ms (cache miss)
311 http fetch GET 200 https://registry.yarnpkg.com/nth-check/-/nth-check-2.1.1.tgz 277ms (cache miss)
312 http fetch GET 200 https://registry.yarnpkg.com/css-select/-/css-select-4.3.0.tgz 285ms (cache miss)
313 http fetch GET 200 https://registry.yarnpkg.com/renderkid/-/renderkid-3.0.0.tgz 321ms (cache miss)
314 http fetch GET 200 https://registry.yarnpkg.com/clean-css/-/clean-css-5.3.3.tgz 357ms (cache miss)
315 http fetch GET 200 https://registry.yarnpkg.com/lodash/-/lodash-4.17.21.tgz 677ms (cache miss)
316 silly ADD node_modules/concat-map
317 silly ADD node_modules/wrappy
318 silly ADD node_modules/path-is-absolute
319 silly ADD node_modules/once
320 silly ADD node_modules/inflight
321 silly ADD node_modules/fs.realpath
322 silly ADD node_modules/entities
323 silly ADD node_modules/dom-serializer
324 silly ADD node_modules/domelementtype
325 silly ADD node_modules/utila
326 silly ADD node_modules/nth-check
327 silly ADD node_modules/domutils
328 silly ADD node_modules/domhandler
329 silly ADD node_modules/css-what
330 silly ADD node_modules/boolbase
331 silly ADD node_modules/htmlparser2
332 silly ADD node_modules/dom-converter
333 silly ADD node_modules/css-select
334 silly ADD node_modules/renderkid
335 silly ADD node_modules/renderkid/node_modules/ansi-regex
336 silly ADD node_modules/renderkid/node_modules/strip-ansi
337 silly ADD node_modules/pinkie
338 silly ADD node_modules/lower-case
339 silly ADD node_modules/no-case
340 silly ADD node_modules/dot-case
341 silly ADD node_modules/path-is-inside
342 silly ADD node_modules/is-path-inside
343 silly ADD node_modules/pascal-case
344 silly ADD node_modules/relateurl
345 silly ADD node_modules/param-case
346 silly ADD node_modules/he
347 silly ADD node_modules/clean-css
348 silly ADD node_modules/camel-case
349 silly ADD node_modules/pretty-error
350 silly ADD node_modules/lodash
351 silly ADD node_modules/html-minifier-terser
352 silly ADD node_modules/html-minifier-terser/node_modules/commander
353 silly ADD node_modules/@types/html-minifier-terser
354 silly ADD node_modules/array-uniq
355 silly ADD node_modules/pinkie-promise
356 silly ADD node_modules/object-assign
357 silly ADD node_modules/array-union
358 silly ADD node_modules/@types/minimatch
359 silly ADD node_modules/pify
360 silly ADD node_modules/p-map
361 silly ADD node_modules/is-path-in-cwd
362 silly ADD node_modules/is-path-cwd
363 silly ADD node_modules/globby
364 silly ADD node_modules/globby/node_modules/brace-expansion
365 silly ADD node_modules/globby/node_modules/minimatch
366 silly ADD node_modules/globby/node_modules/pify
367 silly ADD node_modules/globby/node_modules/glob
368 silly ADD node_modules/@types/glob
369 silly ADD node_modules/del
370 silly ADD node_modules/del/node_modules/brace-expansion
371 silly ADD node_modules/del/node_modules/minimatch
372 silly ADD node_modules/del/node_modules/glob
373 silly ADD node_modules/del/node_modules/rimraf
374 silly ADD node_modules/html-webpack-plugin
375 silly ADD node_modules/clean-webpack-plugin
376 silly ADD
377 verbose exit 0
378 info ok
